<?xml version="1.0" encoding="UTF-8"?>
<coverage generated="1777169848548" clover="3.2.0">
  <project timestamp="1777169848548" name="All files">
    <metrics statements="333" coveredstatements="19" conditionals="170" coveredconditionals="15" methods="86" coveredmethods="7" elements="589" coveredelements="41" complexity="0" loc="333" ncloc="333" packages="1" files="11" classes="11"/>
    <file name="bookingFlowApi.ts" path="C:\Users\MSI GF63\Pictures\web\TrackNGo\frontend\mobile-app\TrackNgo-Mobile\services\bookingFlowApi.ts">
      <metrics statements="34" coveredstatements="19" conditionals="24" coveredconditionals="15" methods="10" coveredmethods="7"/>
      <line num="143" count="4" type="stmt"/>
      <line num="144" count="4" type="cond" truecount="2" falsecount="0"/>
      <line num="145" count="4" type="stmt"/>
      <line num="149" count="3" type="cond" truecount="2" falsecount="0"/>
      <line num="153" count="2" type="stmt"/>
      <line num="154" count="2" type="cond" truecount="2" falsecount="0"/>
      <line num="155" count="2" type="cond" truecount="2" falsecount="0"/>
      <line num="156" count="2" type="stmt"/>
      <line num="160" count="2" type="stmt"/>
      <line num="166" count="2" type="stmt"/>
      <line num="169" count="2" type="cond" truecount="2" falsecount="0"/>
      <line num="176" count="2" type="stmt"/>
      <line num="180" count="2" type="cond" truecount="2" falsecount="0"/>
      <line num="186" count="1" type="stmt"/>
      <line num="189" count="1" type="cond" truecount="1" falsecount="1"/>
      <line num="195" count="2" type="stmt"/>
      <line num="200" count="1" type="stmt"/>
      <line num="206" count="0" type="stmt"/>
      <line num="207" count="0" type="stmt"/>
      <line num="216" count="0" type="stmt"/>
      <line num="217" count="0" type="stmt"/>
      <line num="218" count="0" type="cond" truecount="0" falsecount="2"/>
      <line num="219" count="0" type="stmt"/>
      <line num="220" count="0" type="stmt"/>
      <line num="222" count="0" type="stmt"/>
      <line num="226" count="0" type="cond" truecount="0" falsecount="4"/>
      <line num="227" count="0" type="cond" truecount="0" falsecount="2"/>
      <line num="230" count="0" type="stmt"/>
      <line num="254" count="0" type="stmt"/>
      <line num="259" count="0" type="stmt"/>
      <line num="272" count="0" type="stmt"/>
      <line num="275" count="0" type="stmt"/>
      <line num="281" count="1" type="stmt"/>
      <line num="284" count="1" type="stmt"/>
    </file>
    <file name="bookingsApi.ts" path="C:\Users\MSI GF63\Pictures\web\TrackNGo\frontend\mobile-app\TrackNgo-Mobile\services\bookingsApi.ts">
      <metrics statements="14" coveredstatements="0" conditionals="8" coveredconditionals="0" methods="5" coveredmethods="0"/>
      <line num="4" count="0" type="stmt"/>
      <line num="37" count="0" type="stmt"/>
      <line num="38" count="0" type="cond" truecount="0" falsecount="2"/>
      <line num="42" count="0" type="stmt"/>
      <line num="43" count="0" type="stmt"/>
      <line num="48" count="0" type="cond" truecount="0" falsecount="2"/>
      <line num="52" count="0" type="stmt"/>
      <line num="53" count="0" type="stmt"/>
      <line num="58" count="0" type="cond" truecount="0" falsecount="2"/>
      <line num="62" count="0" type="stmt"/>
      <line num="63" count="0" type="stmt"/>
      <line num="68" count="0" type="cond" truecount="0" falsecount="2"/>
      <line num="72" count="0" type="stmt"/>
      <line num="73" count="0" type="stmt"/>
    </file>
    <file name="chatApi.ts" path="C:\Users\MSI GF63\Pictures\web\TrackNGo\frontend\mobile-app\TrackNgo-Mobile\services\chatApi.ts">
      <metrics statements="21" coveredstatements="0" conditionals="7" coveredconditionals="0" methods="10" coveredmethods="0"/>
      <line num="18" count="0" type="cond" truecount="0" falsecount="2"/>
      <line num="19" count="0" type="stmt"/>
      <line num="33" count="0" type="stmt"/>
      <line num="34" count="0" type="stmt"/>
      <line num="46" count="0" type="cond" truecount="0" falsecount="2"/>
      <line num="47" count="0" type="stmt"/>
      <line num="63" count="0" type="cond" truecount="0" falsecount="2"/>
      <line num="64" count="0" type="stmt"/>
      <line num="78" count="0" type="stmt"/>
      <line num="79" count="0" type="stmt"/>
      <line num="90" count="0" type="stmt"/>
      <line num="91" count="0" type="stmt"/>
      <line num="101" count="0" type="stmt"/>
      <line num="102" count="0" type="stmt"/>
      <line num="109" count="0" type="stmt"/>
      <line num="118" count="0" type="cond" truecount="0" falsecount="1"/>
      <line num="119" count="0" type="stmt"/>
      <line num="120" count="0" type="stmt"/>
      <line num="126" count="0" type="stmt"/>
      <line num="135" count="0" type="stmt"/>
      <line num="136" count="0" type="stmt"/>
    </file>
    <file name="chatSocket.ts" path="C:\Users\MSI GF63\Pictures\web\TrackNGo\frontend\mobile-app\TrackNgo-Mobile\services\chatSocket.ts">
      <metrics statements="86" coveredstatements="0" conditionals="41" coveredconditionals="0" methods="25" coveredmethods="0"/>
      <line num="16" count="0" type="stmt"/>
      <line num="17" count="0" type="stmt"/>
      <line num="18" count="0" type="stmt"/>
      <line num="19" count="0" type="stmt"/>
      <line num="20" count="0" type="stmt"/>
      <line num="21" count="0" type="stmt"/>
      <line num="22" count="0" type="stmt"/>
      <line num="25" count="0" type="stmt"/>
      <line num="26" count="0" type="stmt"/>
      <line num="30" count="0" type="stmt"/>
      <line num="31" count="0" type="stmt"/>
      <line num="32" count="0" type="stmt"/>
      <line num="33" count="0" type="stmt"/>
      <line num="34" count="0" type="stmt"/>
      <line num="35" count="0" type="stmt"/>
      <line num="38" count="0" type="stmt"/>
      <line num="39" count="0" type="stmt"/>
      <line num="40" count="0" type="stmt"/>
      <line num="45" count="0" type="cond" truecount="0" falsecount="2"/>
      <line num="46" count="0" type="cond" truecount="0" falsecount="2"/>
      <line num="51" count="0" type="stmt"/>
      <line num="53" count="0" type="stmt"/>
      <line num="55" count="0" type="stmt"/>
      <line num="56" count="0" type="cond" truecount="0" falsecount="2"/>
      <line num="57" count="0" type="stmt"/>
      <line num="58" count="0" type="stmt"/>
      <line num="60" count="0" type="cond" truecount="0" falsecount="2"/>
      <line num="61" count="0" type="stmt"/>
      <line num="62" count="0" type="cond" truecount="0" falsecount="2"/>
      <line num="63" count="0" type="stmt"/>
      <line num="64" count="0" type="stmt"/>
      <line num="69" count="0" type="stmt"/>
      <line num="70" count="0" type="cond" truecount="0" falsecount="2"/>
      <line num="71" count="0" type="stmt"/>
      <line num="73" count="0" type="cond" truecount="0" falsecount="2"/>
      <line num="74" count="0" type="stmt"/>
      <line num="76" count="0" type="stmt"/>
      <line num="77" count="0" type="cond" truecount="0" falsecount="2"/>
      <line num="78" count="0" type="stmt"/>
      <line num="80" count="0" type="stmt"/>
      <line num="81" count="0" type="stmt"/>
      <line num="86" count="0" type="cond" truecount="0" falsecount="2"/>
      <line num="87" count="0" type="stmt"/>
      <line num="88" count="0" type="stmt"/>
      <line num="89" count="0" type="stmt"/>
      <line num="90" count="0" type="stmt"/>
      <line num="95" count="0" type="cond" truecount="0" falsecount="2"/>
      <line num="96" count="0" type="stmt"/>
      <line num="98" count="0" type="stmt"/>
      <line num="105" count="0" type="cond" truecount="0" falsecount="2"/>
      <line num="106" count="0" type="stmt"/>
      <line num="108" count="0" type="stmt"/>
      <line num="115" count="0" type="stmt"/>
      <line num="116" count="0" type="cond" truecount="0" falsecount="2"/>
      <line num="117" count="0" type="stmt"/>
      <line num="120" count="0" type="stmt"/>
      <line num="121" count="0" type="stmt"/>
      <line num="134" count="0" type="stmt"/>
      <line num="135" count="0" type="stmt"/>
      <line num="137" count="0" type="stmt"/>
      <line num="138" count="0" type="cond" truecount="0" falsecount="2"/>
      <line num="139" count="0" type="stmt"/>
      <line num="141" count="0" type="stmt"/>
      <line num="147" count="0" type="stmt"/>
      <line num="153" count="0" type="stmt"/>
      <line num="159" count="0" type="stmt"/>
      <line num="167" count="0" type="cond" truecount="0" falsecount="2"/>
      <line num="168" count="0" type="stmt"/>
      <line num="170" count="0" type="stmt"/>
      <line num="173" count="0" type="stmt"/>
      <line num="174" count="0" type="stmt"/>
      <line num="175" count="0" type="stmt"/>
      <line num="183" count="0" type="stmt"/>
      <line num="184" count="0" type="stmt"/>
      <line num="189" count="0" type="cond" truecount="0" falsecount="4"/>
      <line num="190" count="0" type="stmt"/>
      <line num="193" count="0" type="stmt"/>
      <line num="196" count="0" type="stmt"/>
      <line num="202" count="0" type="cond" truecount="0" falsecount="2"/>
      <line num="203" count="0" type="stmt"/>
      <line num="205" count="0" type="stmt"/>
      <line num="209" count="0" type="cond" truecount="0" falsecount="2"/>
      <line num="210" count="0" type="stmt"/>
      <line num="213" count="0" type="stmt"/>
      <line num="223" count="0" type="cond" truecount="0" falsecount="2"/>
      <line num="227" count="0" type="stmt"/>
    </file>
    <file name="complaintsApi.ts" path="C:\Users\MSI GF63\Pictures\web\TrackNGo\frontend\mobile-app\TrackNgo-Mobile\services\complaintsApi.ts">
      <metrics statements="9" coveredstatements="0" conditionals="8" coveredconditionals="0" methods="3" coveredmethods="0"/>
      <line num="4" count="0" type="stmt"/>
      <line num="35" count="0" type="stmt"/>
      <line num="36" count="0" type="cond" truecount="0" falsecount="2"/>
      <line num="43" count="0" type="stmt"/>
      <line num="44" count="0" type="stmt"/>
      <line num="50" count="0" type="stmt"/>
      <line num="54" count="0" type="stmt"/>
      <line num="55" count="0" type="stmt"/>
      <line num="60" count="0" type="cond" truecount="0" falsecount="2"/>
    </file>
    <file name="emergencyContactApi.ts" path="C:\Users\MSI GF63\Pictures\web\TrackNGo\frontend\mobile-app\TrackNgo-Mobile\services\emergencyContactApi.ts">
      <metrics statements="6" coveredstatements="0" conditionals="2" coveredconditionals="0" methods="3" coveredmethods="0"/>
      <line num="19" count="0" type="stmt"/>
      <line num="23" count="0" type="stmt"/>
      <line num="33" count="0" type="stmt"/>
      <line num="44" count="0" type="stmt"/>
      <line num="48" count="0" type="stmt"/>
      <line num="51" count="0" type="stmt"/>
    </file>
    <file name="http.ts" path="C:\Users\MSI GF63\Pictures\web\TrackNGo\frontend\mobile-app\TrackNgo-Mobile\services\http.ts">
      <metrics statements="72" coveredstatements="0" conditionals="31" coveredconditionals="0" methods="7" coveredmethods="0"/>
      <line num="3" count="0" type="stmt"/>
      <line num="11" count="0" type="stmt"/>
      <line num="12" count="0" type="cond" truecount="0" falsecount="2"/>
      <line num="13" count="0" type="stmt"/>
      <line num="14" count="0" type="cond" truecount="0" falsecount="5"/>
      <line num="15" count="0" type="stmt"/>
      <line num="19" count="0" type="stmt"/>
      <line num="27" count="0" type="stmt"/>
      <line num="28" count="0" type="stmt"/>
      <line num="29" count="0" type="stmt"/>
      <line num="30" count="0" type="stmt"/>
      <line num="37" count="0" type="cond" truecount="0" falsecount="2"/>
      <line num="38" count="0" type="stmt"/>
      <line num="39" count="0" type="stmt"/>
      <line num="40" count="0" type="stmt"/>
      <line num="42" count="0" type="stmt"/>
      <line num="43" count="0" type="stmt"/>
      <line num="44" count="0" type="stmt"/>
      <line num="46" count="0" type="stmt"/>
      <line num="47" count="0" type="stmt"/>
      <line num="57" count="0" type="stmt"/>
      <line num="58" count="0" type="stmt"/>
      <line num="59" count="0" type="stmt"/>
      <line num="60" count="0" type="stmt"/>
      <line num="69" count="0" type="cond" truecount="0" falsecount="2"/>
      <line num="70" count="0" type="stmt"/>
      <line num="71" count="0" type="stmt"/>
      <line num="72" count="0" type="stmt"/>
      <line num="74" count="0" type="stmt"/>
      <line num="75" count="0" type="stmt"/>
      <line num="76" count="0" type="stmt"/>
      <line num="78" count="0" type="stmt"/>
      <line num="79" count="0" type="stmt"/>
      <line num="88" count="0" type="stmt"/>
      <line num="89" count="0" type="stmt"/>
      <line num="90" count="0" type="stmt"/>
      <line num="91" count="0" type="stmt"/>
      <line num="100" count="0" type="cond" truecount="0" falsecount="2"/>
      <line num="101" count="0" type="stmt"/>
      <line num="102" count="0" type="stmt"/>
      <line num="103" count="0" type="stmt"/>
      <line num="105" count="0" type="stmt"/>
      <line num="106" count="0" type="stmt"/>
      <line num="107" count="0" type="stmt"/>
      <line num="109" count="0" type="stmt"/>
      <line num="110" count="0" type="stmt"/>
      <line num="118" count="0" type="stmt"/>
      <line num="119" count="0" type="stmt"/>
      <line num="120" count="0" type="stmt"/>
      <line num="121" count="0" type="stmt"/>
      <line num="125" count="0" type="cond" truecount="0" falsecount="2"/>
      <line num="126" count="0" type="stmt"/>
      <line num="127" count="0" type="stmt"/>
      <line num="128" count="0" type="stmt"/>
      <line num="132" count="0" type="stmt"/>
      <line num="133" count="0" type="stmt"/>
      <line num="134" count="0" type="stmt"/>
      <line num="136" count="0" type="stmt"/>
      <line num="137" count="0" type="stmt"/>
      <line num="146" count="0" type="stmt"/>
      <line num="150" count="0" type="stmt"/>
      <line num="151" count="0" type="stmt"/>
      <line num="152" count="0" type="stmt"/>
      <line num="156" count="0" type="cond" truecount="0" falsecount="2"/>
      <line num="157" count="0" type="stmt"/>
      <line num="158" count="0" type="stmt"/>
      <line num="159" count="0" type="stmt"/>
      <line num="161" count="0" type="stmt"/>
      <line num="162" count="0" type="stmt"/>
      <line num="163" count="0" type="stmt"/>
      <line num="165" count="0" type="stmt"/>
      <line num="166" count="0" type="stmt"/>
    </file>
    <file name="smsService.ts" path="C:\Users\MSI GF63\Pictures\web\TrackNGo\frontend\mobile-app\TrackNgo-Mobile\services\smsService.ts">
      <metrics statements="27" coveredstatements="0" conditionals="20" coveredconditionals="0" methods="3" coveredmethods="0"/>
      <line num="18" count="0" type="cond" truecount="0" falsecount="2"/>
      <line num="19" count="0" type="stmt"/>
      <line num="21" count="0" type="cond" truecount="0" falsecount="2"/>
      <line num="22" count="0" type="stmt"/>
      <line num="25" count="0" type="cond" truecount="0" falsecount="4"/>
      <line num="26" count="0" type="cond" truecount="0" falsecount="4"/>
      <line num="29" count="0" type="cond" truecount="0" falsecount="2"/>
      <line num="30" count="0" type="stmt"/>
      <line num="33" count="0" type="stmt"/>
      <line num="36" count="0" type="stmt"/>
      <line num="37" count="0" type="stmt"/>
      <line num="43" count="0" type="stmt"/>
      <line num="44" count="0" type="cond" truecount="0" falsecount="2"/>
      <line num="45" count="0" type="stmt"/>
      <line num="46" count="0" type="stmt"/>
      <line num="49" count="0" type="stmt"/>
      <line num="51" count="0" type="stmt"/>
      <line num="52" count="0" type="stmt"/>
      <line num="54" count="0" type="stmt"/>
      <line num="55" count="0" type="stmt"/>
      <line num="58" count="0" type="cond" truecount="0" falsecount="4"/>
      <line num="59" count="0" type="stmt"/>
      <line num="60" count="0" type="stmt"/>
      <line num="63" count="0" type="stmt"/>
      <line num="64" count="0" type="stmt"/>
      <line num="66" count="0" type="stmt"/>
      <line num="68" count="0" type="stmt"/>
    </file>
    <file name="sosApi.ts" path="C:\Users\MSI GF63\Pictures\web\TrackNGo\frontend\mobile-app\TrackNgo-Mobile\services\sosApi.ts">
      <metrics statements="3" coveredstatements="0" conditionals="0" coveredconditionals="0" methods="2" coveredmethods="0"/>
      <line num="29" count="0" type="stmt"/>
      <line num="32" count="0" type="stmt"/>
      <line num="38" count="0" type="stmt"/>
    </file>
    <file name="trackingApi.ts" path="C:\Users\MSI GF63\Pictures\web\TrackNGo\frontend\mobile-app\TrackNgo-Mobile\services\trackingApi.ts">
      <metrics statements="50" coveredstatements="0" conditionals="27" coveredconditionals="0" methods="16" coveredmethods="0"/>
      <line num="43" count="0" type="stmt"/>
      <line num="48" count="0" type="stmt"/>
      <line num="54" count="0" type="stmt"/>
      <line num="57" count="0" type="cond" truecount="0" falsecount="2"/>
      <line num="64" count="0" type="stmt"/>
      <line num="68" count="0" type="cond" truecount="0" falsecount="2"/>
      <line num="76" count="0" type="stmt"/>
      <line num="77" count="0" type="stmt"/>
      <line num="78" count="0" type="stmt"/>
      <line num="79" count="0" type="stmt"/>
      <line num="82" count="0" type="cond" truecount="0" falsecount="2"/>
      <line num="84" count="0" type="stmt"/>
      <line num="85" count="0" type="stmt"/>
      <line num="86" count="0" type="stmt"/>
      <line num="88" count="0" type="stmt"/>
      <line num="90" count="0" type="stmt"/>
      <line num="91" count="0" type="stmt"/>
      <line num="92" count="0" type="cond" truecount="0" falsecount="2"/>
      <line num="93" count="0" type="stmt"/>
      <line num="94" count="0" type="stmt"/>
      <line num="98" count="0" type="stmt"/>
      <line num="99" count="0" type="stmt"/>
      <line num="100" count="0" type="stmt"/>
      <line num="101" count="0" type="cond" truecount="0" falsecount="5"/>
      <line num="104" count="0" type="cond" truecount="0" falsecount="2"/>
      <line num="105" count="0" type="stmt"/>
      <line num="108" count="0" type="cond" truecount="0" falsecount="2"/>
      <line num="109" count="0" type="stmt"/>
      <line num="111" count="0" type="stmt"/>
      <line num="115" count="0" type="stmt"/>
      <line num="116" count="0" type="stmt"/>
      <line num="117" count="0" type="cond" truecount="0" falsecount="2"/>
      <line num="118" count="0" type="stmt"/>
      <line num="122" count="0" type="stmt"/>
      <line num="123" count="0" type="stmt"/>
      <line num="128" count="0" type="cond" truecount="0" falsecount="2"/>
      <line num="129" count="0" type="stmt"/>
      <line num="130" count="0" type="stmt"/>
      <line num="134" count="0" type="cond" truecount="0" falsecount="2"/>
      <line num="135" count="0" type="stmt"/>
      <line num="137" count="0" type="stmt"/>
      <line num="142" count="0" type="stmt"/>
      <line num="143" count="0" type="cond" truecount="0" falsecount="2"/>
      <line num="144" count="0" type="stmt"/>
      <line num="145" count="0" type="stmt"/>
      <line num="147" count="0" type="stmt"/>
      <line num="148" count="0" type="stmt"/>
      <line num="149" count="0" type="stmt"/>
      <line num="153" count="0" type="cond" truecount="0" falsecount="2"/>
      <line num="154" count="0" type="stmt"/>
    </file>
    <file name="userProfileApi.ts" path="C:\Users\MSI GF63\Pictures\web\TrackNGo\frontend\mobile-app\TrackNgo-Mobile\services\userProfileApi.ts">
      <metrics statements="11" coveredstatements="0" conditionals="2" coveredconditionals="0" methods="2" coveredmethods="0"/>
      <line num="4" count="0" type="stmt"/>
      <line num="7" count="0" type="stmt"/>
      <line num="8" count="0" type="cond" truecount="0" falsecount="2"/>
      <line num="9" count="0" type="stmt"/>
      <line num="11" count="0" type="stmt"/>
      <line num="12" count="0" type="stmt"/>
      <line num="13" count="0" type="stmt"/>
      <line num="24" count="0" type="stmt"/>
      <line num="25" count="0" type="stmt"/>
      <line num="26" count="0" type="stmt"/>
      <line num="27" count="0" type="stmt"/>
    </file>
  </project>
</coverage>
