{"C:\\Users\\MSI GF63\\Pictures\\web\\TrackNGo\\frontend\\mobile-app\\TrackNgo-Mobile\\services\\bookingFlowApi.ts": {"path":"C:\\Users\\MSI GF63\\Pictures\\web\\TrackNGo\\frontend\\mobile-app\\TrackNgo-Mobile\\services\\bookingFlowApi.ts","statementMap":{"0":{"start":{"line":143,"column":41},"end":{"line":143,"column":59}},"1":{"start":{"line":144,"column":2},"end":{"line":144,"column":52}},"2":{"start":{"line":144,"column":19},"end":{"line":144,"column":52}},"3":{"start":{"line":145,"column":14},"end":{"line":148,"column":3}},"4":{"start":{"line":149,"column":2},"end":{"line":149,"column":24}},"5":{"start":{"line":153,"column":41},"end":{"line":153,"column":43}},"6":{"start":{"line":154,"column":2},"end":{"line":154,"column":31}},"7":{"start":{"line":154,"column":12},"end":{"line":154,"column":31}},"8":{"start":{"line":155,"column":2},"end":{"line":155,"column":25}},"9":{"start":{"line":155,"column":10},"end":{"line":155,"column":25}},"10":{"start":{"line":156,"column":14},"end":{"line":159,"column":3}},"11":{"start":{"line":160,"column":2},"end":{"line":160,"column":18}},"12":{"start":{"line":166,"column":14},"end":{"line":168,"column":3}},"13":{"start":{"line":169,"column":2},"end":{"line":169,"column":24}},"14":{"start":{"line":176,"column":14},"end":{"line":179,"column":3}},"15":{"start":{"line":180,"column":2},"end":{"line":180,"column":24}},"16":{"start":{"line":186,"column":14},"end":{"line":188,"column":3}},"17":{"start":{"line":189,"column":2},"end":{"line":189,"column":24}},"18":{"start":{"line":195,"column":14},"end":{"line":199,"column":3}},"19":{"start":{"line":200,"column":2},"end":{"line":200,"column":18}},"20":{"start":{"line":206,"column":14},"end":{"line":206,"column":84}},"21":{"start":{"line":207,"column":19},"end":{"line":214,"column":4}},"22":{"start":{"line":216,"column":15},"end":{"line":216,"column":36}},"23":{"start":{"line":217,"column":55},"end":{"line":217,"column":59}},"24":{"start":{"line":218,"column":2},"end":{"line":224,"column":3}},"25":{"start":{"line":219,"column":4},"end":{"line":223,"column":5}},"26":{"start":{"line":220,"column":6},"end":{"line":220,"column":67}},"27":{"start":{"line":222,"column":6},"end":{"line":222,"column":18}},"28":{"start":{"line":226,"column":2},"end":{"line":228,"column":3}},"29":{"start":{"line":227,"column":4},"end":{"line":227,"column":73}},"30":{"start":{"line":230,"column":2},"end":{"line":230,"column":19}},"31":{"start":{"line":254,"column":14},"end":{"line":258,"column":3}},"32":{"start":{"line":259,"column":2},"end":{"line":259,"column":18}},"33":{"start":{"line":272,"column":14},"end":{"line":274,"column":3}},"34":{"start":{"line":275,"column":2},"end":{"line":275,"column":18}},"35":{"start":{"line":281,"column":14},"end":{"line":283,"column":3}},"36":{"start":{"line":284,"column":2},"end":{"line":284,"column":18}}},"fnMap":{"0":{"name":"searchBuses","decl":{"start":{"line":137,"column":22},"end":{"line":137,"column":33}},"loc":{"start":{"line":142,"column":30},"end":{"line":150,"column":1}},"line":142},"1":{"name":"getBusDetails","decl":{"start":{"line":152,"column":22},"end":{"line":152,"column":35}},"loc":{"start":{"line":152,"column":105},"end":{"line":161,"column":1}},"line":152},"2":{"name":"getSeatLayout","decl":{"start":{"line":163,"column":22},"end":{"line":163,"column":35}},"loc":{"start":{"line":165,"column":28},"end":{"line":170,"column":1}},"line":165},"3":{"name":"getBookedSeats","decl":{"start":{"line":172,"column":22},"end":{"line":172,"column":36}},"loc":{"start":{"line":175,"column":21},"end":{"line":181,"column":1}},"line":175},"4":{"name":"getBlockedSeats","decl":{"start":{"line":183,"column":22},"end":{"line":183,"column":37}},"loc":{"start":{"line":185,"column":21},"end":{"line":190,"column":1}},"line":185},"5":{"name":"createBooking","decl":{"start":{"line":192,"column":22},"end":{"line":192,"column":35}},"loc":{"start":{"line":194,"column":32},"end":{"line":201,"column":1}},"line":194},"6":{"name":"quotePromotion","decl":{"start":{"line":203,"column":22},"end":{"line":203,"column":36}},"loc":{"start":{"line":205,"column":33},"end":{"line":231,"column":1}},"line":205},"7":{"name":"createStripeCheckoutSession","decl":{"start":{"line":251,"column":22},"end":{"line":251,"column":49}},"loc":{"start":{"line":253,"column":35},"end":{"line":260,"column":1}},"line":253},"8":{"name":"getStripeSessionStatus","decl":{"start":{"line":269,"column":22},"end":{"line":269,"column":44}},"loc":{"start":{"line":271,"column":32},"end":{"line":276,"column":1}},"line":271},"9":{"name":"getBookingByRef","decl":{"start":{"line":278,"column":22},"end":{"line":278,"column":37}},"loc":{"start":{"line":280,"column":32},"end":{"line":285,"column":1}},"line":280}},"branchMap":{"0":{"loc":{"start":{"line":144,"column":2},"end":{"line":144,"column":52}},"type":"if","locations":[{"start":{"line":144,"column":2},"end":{"line":144,"column":52}},{"start":{},"end":{}}],"line":144},"1":{"loc":{"start":{"line":149,"column":9},"end":{"line":149,"column":23}},"type":"binary-expr","locations":[{"start":{"line":149,"column":9},"end":{"line":149,"column":17}},{"start":{"line":149,"column":21},"end":{"line":149,"column":23}}],"line":149},"2":{"loc":{"start":{"line":154,"column":2},"end":{"line":154,"column":31}},"type":"if","locations":[{"start":{"line":154,"column":2},"end":{"line":154,"column":31}},{"start":{},"end":{}}],"line":154},"3":{"loc":{"start":{"line":155,"column":2},"end":{"line":155,"column":25}},"type":"if","locations":[{"start":{"line":155,"column":2},"end":{"line":155,"column":25}},{"start":{},"end":{}}],"line":155},"4":{"loc":{"start":{"line":158,"column":4},"end":{"line":158,"column":55}},"type":"cond-expr","locations":[{"start":{"line":158,"column":37},"end":{"line":158,"column":43}},{"start":{"line":158,"column":46},"end":{"line":158,"column":55}}],"line":158},"5":{"loc":{"start":{"line":169,"column":9},"end":{"line":169,"column":23}},"type":"binary-expr","locations":[{"start":{"line":169,"column":9},"end":{"line":169,"column":17}},{"start":{"line":169,"column":21},"end":{"line":169,"column":23}}],"line":169},"6":{"loc":{"start":{"line":180,"column":9},"end":{"line":180,"column":23}},"type":"binary-expr","locations":[{"start":{"line":180,"column":9},"end":{"line":180,"column":17}},{"start":{"line":180,"column":21},"end":{"line":180,"column":23}}],"line":180},"7":{"loc":{"start":{"line":189,"column":9},"end":{"line":189,"column":23}},"type":"binary-expr","locations":[{"start":{"line":189,"column":9},"end":{"line":189,"column":17}},{"start":{"line":189,"column":21},"end":{"line":189,"column":23}}],"line":189},"8":{"loc":{"start":{"line":218,"column":2},"end":{"line":224,"column":3}},"type":"if","locations":[{"start":{"line":218,"column":2},"end":{"line":224,"column":3}},{"start":{},"end":{}}],"line":218},"9":{"loc":{"start":{"line":226,"column":2},"end":{"line":228,"column":3}},"type":"if","locations":[{"start":{"line":226,"column":2},"end":{"line":228,"column":3}},{"start":{},"end":{}}],"line":226},"10":{"loc":{"start":{"line":226,"column":6},"end":{"line":226,"column":36}},"type":"binary-expr","locations":[{"start":{"line":226,"column":6},"end":{"line":226,"column":18}},{"start":{"line":226,"column":22},"end":{"line":226,"column":36}}],"line":226},"11":{"loc":{"start":{"line":227,"column":20},"end":{"line":227,"column":71}},"type":"binary-expr","locations":[{"start":{"line":227,"column":20},"end":{"line":227,"column":33}},{"start":{"line":227,"column":37},"end":{"line":227,"column":71}}],"line":227}},"s":{"0":4,"1":4,"2":1,"3":4,"4":3,"5":2,"6":2,"7":1,"8":2,"9":1,"10":2,"11":2,"12":2,"13":2,"14":2,"15":2,"16":1,"17":1,"18":2,"19":1,"20":0,"21":0,"22":0,"23":0,"24":0,"25":0,"26":0,"27":0,"28":0,"29":0,"30":0,"31":0,"32":0,"33":0,"34":0,"35":1,"36":1},"f":{"0":4,"1":2,"2":2,"3":2,"4":1,"5":2,"6":0,"7":0,"8":0,"9":1},"b":{"0":[1,3],"1":[3,1],"2":[1,1],"3":[1,1],"4":[1,1],"5":[2,1],"6":[2,1],"7":[1,0],"8":[0,0],"9":[0,0],"10":[0,0],"11":[0,0]},"_coverageSchema":"1a1c01bbd47fc00a2c39e90264f33305004495a9","hash":"b808e2f0c2c462375f3c70ec924bec7fd53899b2"}
,"C:\\Users\\MSI GF63\\Pictures\\web\\TrackNGo\\frontend\\mobile-app\\TrackNgo-Mobile\\services\\bookingsApi.ts": {"path":"C:\\Users\\MSI GF63\\Pictures\\web\\TrackNGo\\frontend\\mobile-app\\TrackNgo-Mobile\\services\\bookingsApi.ts","statementMap":{"0":{"start":{"line":4,"column":18},"end":{"line":4,"column":39}},"1":{"start":{"line":37,"column":16},"end":{"line":37,"column":53}},"2":{"start":{"line":38,"column":2},"end":{"line":38,"column":66}},"3":{"start":{"line":42,"column":18},"end":{"line":42,"column":37}},"4":{"start":{"line":43,"column":14},"end":{"line":47,"column":3}},"5":{"start":{"line":48,"column":2},"end":{"line":48,"column":24}},"6":{"start":{"line":52,"column":18},"end":{"line":52,"column":37}},"7":{"start":{"line":53,"column":14},"end":{"line":57,"column":3}},"8":{"start":{"line":58,"column":2},"end":{"line":58,"column":24}},"9":{"start":{"line":62,"column":18},"end":{"line":62,"column":37}},"10":{"start":{"line":63,"column":14},"end":{"line":67,"column":3}},"11":{"start":{"line":68,"column":2},"end":{"line":68,"column":24}},"12":{"start":{"line":72,"column":18},"end":{"line":72,"column":37}},"13":{"start":{"line":73,"column":2},"end":{"line":77,"column":4}}},"fnMap":{"0":{"name":"authHeaders","decl":{"start":{"line":36,"column":15},"end":{"line":36,"column":26}},"loc":{"start":{"line":36,"column":74},"end":{"line":39,"column":1}},"line":36},"1":{"name":"getRecentUpcomingBookings","decl":{"start":{"line":41,"column":22},"end":{"line":41,"column":47}},"loc":{"start":{"line":41,"column":93},"end":{"line":49,"column":1}},"line":41},"2":{"name":"getUpcomingBookings","decl":{"start":{"line":51,"column":22},"end":{"line":51,"column":41}},"loc":{"start":{"line":51,"column":88},"end":{"line":59,"column":1}},"line":51},"3":{"name":"getPastBookings","decl":{"start":{"line":61,"column":22},"end":{"line":61,"column":37}},"loc":{"start":{"line":61,"column":84},"end":{"line":69,"column":1}},"line":61},"4":{"name":"cancelBooking","decl":{"start":{"line":71,"column":22},"end":{"line":71,"column":35}},"loc":{"start":{"line":71,"column":71},"end":{"line":78,"column":1}},"line":71}},"branchMap":{"0":{"loc":{"start":{"line":38,"column":9},"end":{"line":38,"column":65}},"type":"cond-expr","locations":[{"start":{"line":38,"column":17},"end":{"line":38,"column":53}},{"start":{"line":38,"column":56},"end":{"line":38,"column":65}}],"line":38},"1":{"loc":{"start":{"line":48,"column":9},"end":{"line":48,"column":23}},"type":"binary-expr","locations":[{"start":{"line":48,"column":9},"end":{"line":48,"column":17}},{"start":{"line":48,"column":21},"end":{"line":48,"column":23}}],"line":48},"2":{"loc":{"start":{"line":58,"column":9},"end":{"line":58,"column":23}},"type":"binary-expr","locations":[{"start":{"line":58,"column":9},"end":{"line":58,"column":17}},{"start":{"line":58,"column":21},"end":{"line":58,"column":23}}],"line":58},"3":{"loc":{"start":{"line":68,"column":9},"end":{"line":68,"column":23}},"type":"binary-expr","locations":[{"start":{"line":68,"column":9},"end":{"line":68,"column":17}},{"start":{"line":68,"column":21},"end":{"line":68,"column":23}}],"line":68}},"s":{"0":0,"1":0,"2":0,"3":0,"4":0,"5":0,"6":0,"7":0,"8":0,"9":0,"10":0,"11":0,"12":0,"13":0},"f":{"0":0,"1":0,"2":0,"3":0,"4":0},"b":{"0":[0,0],"1":[0,0],"2":[0,0],"3":[0,0]}}
,"C:\\Users\\MSI GF63\\Pictures\\web\\TrackNGo\\frontend\\mobile-app\\TrackNgo-Mobile\\services\\chatApi.ts": {"path":"C:\\Users\\MSI GF63\\Pictures\\web\\TrackNGo\\frontend\\mobile-app\\TrackNgo-Mobile\\services\\chatApi.ts","statementMap":{"0":{"start":{"line":18,"column":45},"end":{"line":18,"column":51}},"1":{"start":{"line":19,"column":2},"end":{"line":26,"column":4}},"2":{"start":{"line":33,"column":31},"end":{"line":33,"column":37}},"3":{"start":{"line":34,"column":2},"end":{"line":37,"column":5}},"4":{"start":{"line":46,"column":45},"end":{"line":46,"column":51}},"5":{"start":{"line":47,"column":2},"end":{"line":54,"column":4}},"6":{"start":{"line":63,"column":58},"end":{"line":63,"column":64}},"7":{"start":{"line":64,"column":2},"end":{"line":71,"column":4}},"8":{"start":{"line":78,"column":38},"end":{"line":78,"column":44}},"9":{"start":{"line":79,"column":2},"end":{"line":83,"column":4}},"10":{"start":{"line":90,"column":37},"end":{"line":90,"column":43}},"11":{"start":{"line":91,"column":2},"end":{"line":94,"column":4}},"12":{"start":{"line":101,"column":37},"end":{"line":101,"column":43}},"13":{"start":{"line":102,"column":2},"end":{"line":105,"column":4}},"14":{"start":{"line":109,"column":2},"end":{"line":109,"column":55}},"15":{"start":{"line":118,"column":58},"end":{"line":118,"column":64}},"16":{"start":{"line":119,"column":19},"end":{"line":119,"column":33}},"17":{"start":{"line":120,"column":2},"end":{"line":124,"column":24}},"18":{"start":{"line":126,"column":2},"end":{"line":128,"column":5}},"19":{"start":{"line":135,"column":32},"end":{"line":135,"column":38}},"20":{"start":{"line":136,"column":2},"end":{"line":138,"column":5}}},"fnMap":{"0":{"name":"getUserConversations","decl":{"start":{"line":12,"column":22},"end":{"line":12,"column":42}},"loc":{"start":{"line":17,"column":3},"end":{"line":27,"column":1}},"line":17},"1":{"name":"createConversation","decl":{"start":{"line":29,"column":22},"end":{"line":29,"column":40}},"loc":{"start":{"line":32,"column":3},"end":{"line":38,"column":1}},"line":32},"2":{"name":"searchUserConversations","decl":{"start":{"line":40,"column":22},"end":{"line":40,"column":45}},"loc":{"start":{"line":45,"column":3},"end":{"line":55,"column":1}},"line":45},"3":{"name":"getConversationMessages","decl":{"start":{"line":57,"column":22},"end":{"line":57,"column":45}},"loc":{"start":{"line":62,"column":3},"end":{"line":72,"column":1}},"line":62},"4":{"name":"sendConversationMessage","decl":{"start":{"line":74,"column":22},"end":{"line":74,"column":45}},"loc":{"start":{"line":77,"column":3},"end":{"line":84,"column":1}},"line":77},"5":{"name":"markConversationDelivered","decl":{"start":{"line":86,"column":22},"end":{"line":86,"column":47}},"loc":{"start":{"line":89,"column":3},"end":{"line":95,"column":1}},"line":89},"6":{"name":"markConversationRead","decl":{"start":{"line":97,"column":22},"end":{"line":97,"column":42}},"loc":{"start":{"line":100,"column":3},"end":{"line":106,"column":1}},"line":100},"7":{"name":"getPresenceSnapshot","decl":{"start":{"line":108,"column":22},"end":{"line":108,"column":41}},"loc":{"start":{"line":108,"column":44},"end":{"line":110,"column":1}},"line":108},"8":{"name":"uploadMedia","decl":{"start":{"line":112,"column":22},"end":{"line":112,"column":33}},"loc":{"start":{"line":117,"column":33},"end":{"line":129,"column":1}},"line":117},"9":{"name":"deleteMessage","decl":{"start":{"line":131,"column":22},"end":{"line":131,"column":35}},"loc":{"start":{"line":134,"column":32},"end":{"line":139,"column":1}},"line":134}},"branchMap":{"0":{"loc":{"start":{"line":18,"column":18},"end":{"line":18,"column":26}},"type":"default-arg","locations":[{"start":{"line":18,"column":25},"end":{"line":18,"column":26}}],"line":18},"1":{"loc":{"start":{"line":18,"column":28},"end":{"line":18,"column":37}},"type":"default-arg","locations":[{"start":{"line":18,"column":35},"end":{"line":18,"column":37}}],"line":18},"2":{"loc":{"start":{"line":46,"column":21},"end":{"line":46,"column":29}},"type":"default-arg","locations":[{"start":{"line":46,"column":28},"end":{"line":46,"column":29}}],"line":46},"3":{"loc":{"start":{"line":46,"column":31},"end":{"line":46,"column":40}},"type":"default-arg","locations":[{"start":{"line":46,"column":38},"end":{"line":46,"column":40}}],"line":46},"4":{"loc":{"start":{"line":63,"column":26},"end":{"line":63,"column":34}},"type":"default-arg","locations":[{"start":{"line":63,"column":33},"end":{"line":63,"column":34}}],"line":63},"5":{"loc":{"start":{"line":63,"column":36},"end":{"line":63,"column":45}},"type":"default-arg","locations":[{"start":{"line":63,"column":43},"end":{"line":63,"column":45}}],"line":63},"6":{"loc":{"start":{"line":118,"column":35},"end":{"line":118,"column":53}},"type":"default-arg","locations":[{"start":{"line":118,"column":48},"end":{"line":118,"column":53}}],"line":118}},"s":{"0":0,"1":0,"2":0,"3":0,"4":0,"5":0,"6":0,"7":0,"8":0,"9":0,"10":0,"11":0,"12":0,"13":0,"14":0,"15":0,"16":0,"17":0,"18":0,"19":0,"20":0},"f":{"0":0,"1":0,"2":0,"3":0,"4":0,"5":0,"6":0,"7":0,"8":0,"9":0},"b":{"0":[0],"1":[0],"2":[0],"3":[0],"4":[0],"5":[0],"6":[0]}}
,"C:\\Users\\MSI GF63\\Pictures\\web\\TrackNGo\\frontend\\mobile-app\\TrackNgo-Mobile\\services\\chatSocket.ts": {"path":"C:\\Users\\MSI GF63\\Pictures\\web\\TrackNGo\\frontend\\mobile-app\\TrackNgo-Mobile\\services\\chatSocket.ts","statementMap":{"0":{"start":{"line":16,"column":24},"end":{"line":16,"column":29}},"1":{"start":{"line":17,"column":52},"end":{"line":17,"column":54}},"2":{"start":{"line":18,"column":42},"end":{"line":18,"column":46}},"3":{"start":{"line":19,"column":59},"end":{"line":19,"column":63}},"4":{"start":{"line":20,"column":30},"end":{"line":20,"column":75}},"5":{"start":{"line":21,"column":27},"end":{"line":21,"column":28}},"6":{"start":{"line":22,"column":66},"end":{"line":22,"column":70}},"7":{"start":{"line":25,"column":4},"end":{"line":28,"column":7}},"8":{"start":{"line":26,"column":30},"end":{"line":26,"column":77}},"9":{"start":{"line":30,"column":4},"end":{"line":36,"column":6}},"10":{"start":{"line":31,"column":6},"end":{"line":31,"column":30}},"11":{"start":{"line":32,"column":6},"end":{"line":32,"column":40}},"12":{"start":{"line":33,"column":6},"end":{"line":33,"column":33}},"13":{"start":{"line":34,"column":6},"end":{"line":34,"column":68}},"14":{"start":{"line":34,"column":55},"end":{"line":34,"column":66}},"15":{"start":{"line":35,"column":6},"end":{"line":35,"column":37}},"16":{"start":{"line":38,"column":4},"end":{"line":41,"column":6}},"17":{"start":{"line":39,"column":6},"end":{"line":39,"column":31}},"18":{"start":{"line":40,"column":6},"end":{"line":40,"column":39}},"19":{"start":{"line":45,"column":4},"end":{"line":54,"column":5}},"20":{"start":{"line":46,"column":6},"end":{"line":52,"column":7}},"21":{"start":{"line":51,"column":8},"end":{"line":51,"column":60}},"22":{"start":{"line":53,"column":6},"end":{"line":53,"column":35}},"23":{"start":{"line":55,"column":4},"end":{"line":55,"column":29}},"24":{"start":{"line":56,"column":4},"end":{"line":59,"column":5}},"25":{"start":{"line":57,"column":6},"end":{"line":57,"column":41}},"26":{"start":{"line":58,"column":6},"end":{"line":58,"column":34}},"27":{"start":{"line":60,"column":4},"end":{"line":65,"column":5}},"28":{"start":{"line":61,"column":6},"end":{"line":61,"column":29}},"29":{"start":{"line":62,"column":11},"end":{"line":65,"column":5}},"30":{"start":{"line":63,"column":6},"end":{"line":63,"column":40}},"31":{"start":{"line":64,"column":6},"end":{"line":64,"column":33}},"32":{"start":{"line":69,"column":4},"end":{"line":69,"column":63}},"33":{"start":{"line":70,"column":4},"end":{"line":72,"column":5}},"34":{"start":{"line":71,"column":6},"end":{"line":71,"column":13}},"35":{"start":{"line":73,"column":4},"end":{"line":75,"column":5}},"36":{"start":{"line":74,"column":6},"end":{"line":74,"column":41}},"37":{"start":{"line":76,"column":4},"end":{"line":82,"column":12}},"38":{"start":{"line":77,"column":6},"end":{"line":79,"column":7}},"39":{"start":{"line":78,"column":8},"end":{"line":78,"column":15}},"40":{"start":{"line":80,"column":6},"end":{"line":80,"column":34}},"41":{"start":{"line":81,"column":6},"end":{"line":81,"column":27}},"42":{"start":{"line":86,"column":4},"end":{"line":91,"column":5}},"43":{"start":{"line":87,"column":6},"end":{"line":87,"column":34}},"44":{"start":{"line":88,"column":6},"end":{"line":88,"column":47}},"45":{"start":{"line":89,"column":6},"end":{"line":89,"column":39}},"46":{"start":{"line":90,"column":6},"end":{"line":90,"column":31}},"47":{"start":{"line":95,"column":4},"end":{"line":97,"column":5}},"48":{"start":{"line":96,"column":6},"end":{"line":96,"column":13}},"49":{"start":{"line":98,"column":4},"end":{"line":101,"column":7}},"50":{"start":{"line":105,"column":4},"end":{"line":107,"column":5}},"51":{"start":{"line":106,"column":6},"end":{"line":106,"column":13}},"52":{"start":{"line":108,"column":4},"end":{"line":111,"column":7}},"53":{"start":{"line":115,"column":4},"end":{"line":115,"column":40}},"54":{"start":{"line":116,"column":4},"end":{"line":118,"column":5}},"55":{"start":{"line":117,"column":6},"end":{"line":117,"column":40}},"56":{"start":{"line":120,"column":4},"end":{"line":122,"column":6}},"57":{"start":{"line":121,"column":6},"end":{"line":121,"column":45}},"58":{"start":{"line":134,"column":47},"end":{"line":134,"column":49}},"59":{"start":{"line":135,"column":17},"end":{"line":135,"column":22}},"60":{"start":{"line":137,"column":25},"end":{"line":165,"column":5}},"61":{"start":{"line":138,"column":6},"end":{"line":140,"column":7}},"62":{"start":{"line":139,"column":8},"end":{"line":139,"column":15}},"63":{"start":{"line":141,"column":6},"end":{"line":146,"column":8}},"64":{"start":{"line":147,"column":6},"end":{"line":152,"column":8}},"65":{"start":{"line":153,"column":6},"end":{"line":158,"column":8}},"66":{"start":{"line":159,"column":6},"end":{"line":164,"column":8}},"67":{"start":{"line":167,"column":4},"end":{"line":171,"column":5}},"68":{"start":{"line":168,"column":6},"end":{"line":168,"column":21}},"69":{"start":{"line":170,"column":6},"end":{"line":170,"column":51}},"70":{"start":{"line":173,"column":4},"end":{"line":176,"column":6}},"71":{"start":{"line":174,"column":6},"end":{"line":174,"column":20}},"72":{"start":{"line":175,"column":6},"end":{"line":175,"column":56}},"73":{"start":{"line":175,"column":37},"end":{"line":175,"column":54}},"74":{"start":{"line":183,"column":4},"end":{"line":185,"column":7}},"75":{"start":{"line":184,"column":6},"end":{"line":184,"column":44}},"76":{"start":{"line":189,"column":4},"end":{"line":191,"column":5}},"77":{"start":{"line":190,"column":6},"end":{"line":190,"column":13}},"78":{"start":{"line":193,"column":4},"end":{"line":198,"column":6}},"79":{"start":{"line":196,"column":8},"end":{"line":196,"column":73}},"80":{"start":{"line":196,"column":53},"end":{"line":196,"column":71}},"81":{"start":{"line":202,"column":4},"end":{"line":204,"column":5}},"82":{"start":{"line":203,"column":6},"end":{"line":203,"column":13}},"83":{"start":{"line":205,"column":4},"end":{"line":205,"column":57}},"84":{"start":{"line":209,"column":4},"end":{"line":211,"column":5}},"85":{"start":{"line":210,"column":6},"end":{"line":210,"column":13}},"86":{"start":{"line":213,"column":4},"end":{"line":219,"column":7}},"87":{"start":{"line":223,"column":4},"end":{"line":223,"column":53}},"88":{"start":{"line":227,"column":26},"end":{"line":227,"column":48}}},"fnMap":{"0":{"name":"(anonymous_0)","decl":{"start":{"line":24,"column":2},"end":{"line":24,"column":3}},"loc":{"start":{"line":24,"column":16},"end":{"line":42,"column":3}},"line":24},"1":{"name":"(anonymous_1)","decl":{"start":{"line":26,"column":24},"end":{"line":26,"column":25}},"loc":{"start":{"line":26,"column":30},"end":{"line":26,"column":77}},"line":26},"2":{"name":"(anonymous_2)","decl":{"start":{"line":30,"column":28},"end":{"line":30,"column":29}},"loc":{"start":{"line":30,"column":34},"end":{"line":36,"column":5}},"line":30},"3":{"name":"(anonymous_3)","decl":{"start":{"line":34,"column":40},"end":{"line":34,"column":41}},"loc":{"start":{"line":34,"column":55},"end":{"line":34,"column":66}},"line":34},"4":{"name":"(anonymous_4)","decl":{"start":{"line":38,"column":31},"end":{"line":38,"column":32}},"loc":{"start":{"line":38,"column":37},"end":{"line":41,"column":5}},"line":38},"5":{"name":"(anonymous_5)","decl":{"start":{"line":44,"column":2},"end":{"line":44,"column":3}},"loc":{"start":{"line":44,"column":27},"end":{"line":66,"column":3}},"line":44},"6":{"name":"(anonymous_6)","decl":{"start":{"line":68,"column":2},"end":{"line":68,"column":3}},"loc":{"start":{"line":68,"column":15},"end":{"line":83,"column":3}},"line":68},"7":{"name":"(anonymous_7)","decl":{"start":{"line":76,"column":38},"end":{"line":76,"column":39}},"loc":{"start":{"line":76,"column":44},"end":{"line":82,"column":5}},"line":76},"8":{"name":"(anonymous_8)","decl":{"start":{"line":85,"column":2},"end":{"line":85,"column":3}},"loc":{"start":{"line":85,"column":26},"end":{"line":92,"column":3}},"line":85},"9":{"name":"(anonymous_9)","decl":{"start":{"line":94,"column":2},"end":{"line":94,"column":3}},"loc":{"start":{"line":94,"column":39},"end":{"line":102,"column":3}},"line":94},"10":{"name":"(anonymous_10)","decl":{"start":{"line":104,"column":2},"end":{"line":104,"column":3}},"loc":{"start":{"line":104,"column":42},"end":{"line":112,"column":3}},"line":104},"11":{"name":"(anonymous_11)","decl":{"start":{"line":114,"column":2},"end":{"line":114,"column":3}},"loc":{"start":{"line":114,"column":78},"end":{"line":123,"column":3}},"line":114},"12":{"name":"(anonymous_12)","decl":{"start":{"line":120,"column":11},"end":{"line":120,"column":12}},"loc":{"start":{"line":120,"column":17},"end":{"line":122,"column":5}},"line":120},"13":{"name":"(anonymous_13)","decl":{"start":{"line":125,"column":2},"end":{"line":125,"column":3}},"loc":{"start":{"line":133,"column":17},"end":{"line":177,"column":3}},"line":133},"14":{"name":"(anonymous_14)","decl":{"start":{"line":137,"column":25},"end":{"line":137,"column":26}},"loc":{"start":{"line":137,"column":31},"end":{"line":165,"column":5}},"line":137},"15":{"name":"(anonymous_15)","decl":{"start":{"line":173,"column":11},"end":{"line":173,"column":12}},"loc":{"start":{"line":173,"column":17},"end":{"line":176,"column":5}},"line":173},"16":{"name":"(anonymous_16)","decl":{"start":{"line":175,"column":28},"end":{"line":175,"column":29}},"loc":{"start":{"line":175,"column":37},"end":{"line":175,"column":54}},"line":175},"17":{"name":"(anonymous_17)","decl":{"start":{"line":179,"column":2},"end":{"line":179,"column":3}},"loc":{"start":{"line":182,"column":23},"end":{"line":186,"column":3}},"line":182},"18":{"name":"(anonymous_18)","decl":{"start":{"line":183,"column":46},"end":{"line":183,"column":47}},"loc":{"start":{"line":183,"column":67},"end":{"line":185,"column":5}},"line":183},"19":{"name":"(anonymous_19)","decl":{"start":{"line":188,"column":2},"end":{"line":188,"column":3}},"loc":{"start":{"line":188,"column":39},"end":{"line":199,"column":3}},"line":188},"20":{"name":"(anonymous_20)","decl":{"start":{"line":195,"column":6},"end":{"line":195,"column":7}},"loc":{"start":{"line":195,"column":20},"end":{"line":197,"column":7}},"line":195},"21":{"name":"(anonymous_21)","decl":{"start":{"line":196,"column":39},"end":{"line":196,"column":40}},"loc":{"start":{"line":196,"column":53},"end":{"line":196,"column":71}},"line":196},"22":{"name":"(anonymous_22)","decl":{"start":{"line":201,"column":2},"end":{"line":201,"column":3}},"loc":{"start":{"line":201,"column":43},"end":{"line":206,"column":3}},"line":201},"23":{"name":"(anonymous_23)","decl":{"start":{"line":208,"column":2},"end":{"line":208,"column":3}},"loc":{"start":{"line":208,"column":62},"end":{"line":220,"column":3}},"line":208},"24":{"name":"(anonymous_24)","decl":{"start":{"line":222,"column":2},"end":{"line":222,"column":3}},"loc":{"start":{"line":222,"column":23},"end":{"line":224,"column":3}},"line":222}},"branchMap":{"0":{"loc":{"start":{"line":45,"column":4},"end":{"line":54,"column":5}},"type":"if","locations":[{"start":{"line":45,"column":4},"end":{"line":54,"column":5}},{"start":{},"end":{}}],"line":45},"1":{"loc":{"start":{"line":46,"column":6},"end":{"line":52,"column":7}},"type":"if","locations":[{"start":{"line":46,"column":6},"end":{"line":52,"column":7}},{"start":{},"end":{}}],"line":46},"2":{"loc":{"start":{"line":47,"column":8},"end":{"line":49,"column":25}},"type":"binary-expr","locations":[{"start":{"line":47,"column":8},"end":{"line":47,"column":27}},{"start":{"line":48,"column":8},"end":{"line":48,"column":38}},{"start":{"line":49,"column":8},"end":{"line":49,"column":25}}],"line":47},"3":{"loc":{"start":{"line":56,"column":4},"end":{"line":59,"column":5}},"type":"if","locations":[{"start":{"line":56,"column":4},"end":{"line":59,"column":5}},{"start":{},"end":{}}],"line":56},"4":{"loc":{"start":{"line":60,"column":4},"end":{"line":65,"column":5}},"type":"if","locations":[{"start":{"line":60,"column":4},"end":{"line":65,"column":5}},{"start":{"line":62,"column":11},"end":{"line":65,"column":5}}],"line":60},"5":{"loc":{"start":{"line":62,"column":11},"end":{"line":65,"column":5}},"type":"if","locations":[{"start":{"line":62,"column":11},"end":{"line":65,"column":5}},{"start":{},"end":{}}],"line":62},"6":{"loc":{"start":{"line":70,"column":4},"end":{"line":72,"column":5}},"type":"if","locations":[{"start":{"line":70,"column":4},"end":{"line":72,"column":5}},{"start":{},"end":{}}],"line":70},"7":{"loc":{"start":{"line":73,"column":4},"end":{"line":75,"column":5}},"type":"if","locations":[{"start":{"line":73,"column":4},"end":{"line":75,"column":5}},{"start":{},"end":{}}],"line":73},"8":{"loc":{"start":{"line":77,"column":6},"end":{"line":79,"column":7}},"type":"if","locations":[{"start":{"line":77,"column":6},"end":{"line":79,"column":7}},{"start":{},"end":{}}],"line":77},"9":{"loc":{"start":{"line":86,"column":4},"end":{"line":91,"column":5}},"type":"if","locations":[{"start":{"line":86,"column":4},"end":{"line":91,"column":5}},{"start":{},"end":{}}],"line":86},"10":{"loc":{"start":{"line":95,"column":4},"end":{"line":97,"column":5}},"type":"if","locations":[{"start":{"line":95,"column":4},"end":{"line":97,"column":5}},{"start":{},"end":{}}],"line":95},"11":{"loc":{"start":{"line":105,"column":4},"end":{"line":107,"column":5}},"type":"if","locations":[{"start":{"line":105,"column":4},"end":{"line":107,"column":5}},{"start":{},"end":{}}],"line":105},"12":{"loc":{"start":{"line":116,"column":4},"end":{"line":118,"column":5}},"type":"if","locations":[{"start":{"line":116,"column":4},"end":{"line":118,"column":5}},{"start":{},"end":{}}],"line":116},"13":{"loc":{"start":{"line":138,"column":6},"end":{"line":140,"column":7}},"type":"if","locations":[{"start":{"line":138,"column":6},"end":{"line":140,"column":7}},{"start":{},"end":{}}],"line":138},"14":{"loc":{"start":{"line":167,"column":4},"end":{"line":171,"column":5}},"type":"if","locations":[{"start":{"line":167,"column":4},"end":{"line":171,"column":5}},{"start":{"line":169,"column":11},"end":{"line":171,"column":5}}],"line":167},"15":{"loc":{"start":{"line":189,"column":4},"end":{"line":191,"column":5}},"type":"if","locations":[{"start":{"line":189,"column":4},"end":{"line":191,"column":5}},{"start":{},"end":{}}],"line":189},"16":{"loc":{"start":{"line":189,"column":8},"end":{"line":189,"column":54}},"type":"binary-expr","locations":[{"start":{"line":189,"column":8},"end":{"line":189,"column":33}},{"start":{"line":189,"column":37},"end":{"line":189,"column":54}}],"line":189},"17":{"loc":{"start":{"line":202,"column":4},"end":{"line":204,"column":5}},"type":"if","locations":[{"start":{"line":202,"column":4},"end":{"line":204,"column":5}},{"start":{},"end":{}}],"line":202},"18":{"loc":{"start":{"line":209,"column":4},"end":{"line":211,"column":5}},"type":"if","locations":[{"start":{"line":209,"column":4},"end":{"line":211,"column":5}},{"start":{},"end":{}}],"line":209},"19":{"loc":{"start":{"line":223,"column":11},"end":{"line":223,"column":52}},"type":"binary-expr","locations":[{"start":{"line":223,"column":11},"end":{"line":223,"column":27}},{"start":{"line":223,"column":31},"end":{"line":223,"column":52}}],"line":223}},"s":{"0":0,"1":0,"2":0,"3":0,"4":0,"5":0,"6":0,"7":0,"8":0,"9":0,"10":0,"11":0,"12":0,"13":0,"14":0,"15":0,"16":0,"17":0,"18":0,"19":0,"20":0,"21":0,"22":0,"23":0,"24":0,"25":0,"26":0,"27":0,"28":0,"29":0,"30":0,"31":0,"32":0,"33":0,"34":0,"35":0,"36":0,"37":0,"38":0,"39":0,"40":0,"41":0,"42":0,"43":0,"44":0,"45":0,"46":0,"47":0,"48":0,"49":0,"50":0,"51":0,"52":0,"53":0,"54":0,"55":0,"56":0,"57":0,"58":0,"59":0,"60":0,"61":0,"62":0,"63":0,"64":0,"65":0,"66":0,"67":0,"68":0,"69":0,"70":0,"71":0,"72":0,"73":0,"74":0,"75":0,"76":0,"77":0,"78":0,"79":0,"80":0,"81":0,"82":0,"83":0,"84":0,"85":0,"86":0,"87":0,"88":0},"f":{"0":0,"1":0,"2":0,"3":0,"4":0,"5":0,"6":0,"7":0,"8":0,"9":0,"10":0,"11":0,"12":0,"13":0,"14":0,"15":0,"16":0,"17":0,"18":0,"19":0,"20":0,"21":0,"22":0,"23":0,"24":0},"b":{"0":[0,0],"1":[0,0],"2":[0,0,0],"3":[0,0],"4":[0,0],"5":[0,0],"6":[0,0],"7":[0,0],"8":[0,0],"9":[0,0],"10":[0,0],"11":[0,0],"12":[0,0],"13":[0,0],"14":[0,0],"15":[0,0],"16":[0,0],"17":[0,0],"18":[0,0],"19":[0,0]}}
,"C:\\Users\\MSI GF63\\Pictures\\web\\TrackNGo\\frontend\\mobile-app\\TrackNgo-Mobile\\services\\complaintsApi.ts": {"path":"C:\\Users\\MSI GF63\\Pictures\\web\\TrackNGo\\frontend\\mobile-app\\TrackNgo-Mobile\\services\\complaintsApi.ts","statementMap":{"0":{"start":{"line":4,"column":18},"end":{"line":4,"column":39}},"1":{"start":{"line":35,"column":16},"end":{"line":35,"column":53}},"2":{"start":{"line":36,"column":2},"end":{"line":36,"column":66}},"3":{"start":{"line":43,"column":18},"end":{"line":43,"column":37}},"4":{"start":{"line":44,"column":14},"end":{"line":49,"column":3}},"5":{"start":{"line":50,"column":2},"end":{"line":50,"column":18}},"6":{"start":{"line":54,"column":18},"end":{"line":54,"column":37}},"7":{"start":{"line":55,"column":14},"end":{"line":59,"column":3}},"8":{"start":{"line":60,"column":2},"end":{"line":60,"column":24}}},"fnMap":{"0":{"name":"authHeaders","decl":{"start":{"line":34,"column":15},"end":{"line":34,"column":26}},"loc":{"start":{"line":34,"column":74},"end":{"line":37,"column":1}},"line":34},"1":{"name":"createComplaint","decl":{"start":{"line":39,"column":22},"end":{"line":39,"column":37}},"loc":{"start":{"line":42,"column":25},"end":{"line":51,"column":1}},"line":42},"2":{"name":"getMyComplaints","decl":{"start":{"line":53,"column":22},"end":{"line":53,"column":37}},"loc":{"start":{"line":53,"column":80},"end":{"line":61,"column":1}},"line":53}},"branchMap":{"0":{"loc":{"start":{"line":36,"column":9},"end":{"line":36,"column":65}},"type":"cond-expr","locations":[{"start":{"line":36,"column":17},"end":{"line":36,"column":53}},{"start":{"line":36,"column":56},"end":{"line":36,"column":65}}],"line":36},"1":{"loc":{"start":{"line":46,"column":4},"end":{"line":46,"column":35}},"type":"cond-expr","locations":[{"start":{"line":46,"column":13},"end":{"line":46,"column":23}},{"start":{"line":46,"column":26},"end":{"line":46,"column":35}}],"line":46},"2":{"loc":{"start":{"line":57,"column":4},"end":{"line":57,"column":35}},"type":"cond-expr","locations":[{"start":{"line":57,"column":13},"end":{"line":57,"column":23}},{"start":{"line":57,"column":26},"end":{"line":57,"column":35}}],"line":57},"3":{"loc":{"start":{"line":60,"column":9},"end":{"line":60,"column":23}},"type":"binary-expr","locations":[{"start":{"line":60,"column":9},"end":{"line":60,"column":17}},{"start":{"line":60,"column":21},"end":{"line":60,"column":23}}],"line":60}},"s":{"0":0,"1":0,"2":0,"3":0,"4":0,"5":0,"6":0,"7":0,"8":0},"f":{"0":0,"1":0,"2":0},"b":{"0":[0,0],"1":[0,0],"2":[0,0],"3":[0,0]}}
,"C:\\Users\\MSI GF63\\Pictures\\web\\TrackNGo\\frontend\\mobile-app\\TrackNgo-Mobile\\services\\emergencyContactApi.ts": {"path":"C:\\Users\\MSI GF63\\Pictures\\web\\TrackNGo\\frontend\\mobile-app\\TrackNgo-Mobile\\services\\emergencyContactApi.ts","statementMap":{"0":{"start":{"line":19,"column":14},"end":{"line":22,"column":3}},"1":{"start":{"line":23,"column":2},"end":{"line":23,"column":18}},"2":{"start":{"line":33,"column":14},"end":{"line":43,"column":3}},"3":{"start":{"line":44,"column":2},"end":{"line":44,"column":18}},"4":{"start":{"line":48,"column":14},"end":{"line":50,"column":3}},"5":{"start":{"line":51,"column":2},"end":{"line":51,"column":13}}},"fnMap":{"0":{"name":"getEmergencyContacts","decl":{"start":{"line":18,"column":22},"end":{"line":18,"column":42}},"loc":{"start":{"line":18,"column":79},"end":{"line":24,"column":1}},"line":18},"1":{"name":"addEmergencyContact","decl":{"start":{"line":26,"column":22},"end":{"line":26,"column":41}},"loc":{"start":{"line":32,"column":3},"end":{"line":45,"column":1}},"line":32},"2":{"name":"deleteEmergencyContact","decl":{"start":{"line":47,"column":22},"end":{"line":47,"column":44}},"loc":{"start":{"line":47,"column":64},"end":{"line":52,"column":1}},"line":47}},"branchMap":{"0":{"loc":{"start":{"line":41,"column":20},"end":{"line":41,"column":47}},"type":"binary-expr","locations":[{"start":{"line":41,"column":20},"end":{"line":41,"column":39}},{"start":{"line":41,"column":43},"end":{"line":41,"column":47}}],"line":41}},"s":{"0":0,"1":0,"2":0,"3":0,"4":0,"5":0},"f":{"0":0,"1":0,"2":0},"b":{"0":[0,0]}}
,"C:\\Users\\MSI GF63\\Pictures\\web\\TrackNGo\\frontend\\mobile-app\\TrackNgo-Mobile\\services\\http.ts": {"path":"C:\\Users\\MSI GF63\\Pictures\\web\\TrackNGo\\frontend\\mobile-app\\TrackNgo-Mobile\\services\\http.ts","statementMap":{"0":{"start":{"line":3,"column":23},"end":{"line":5,"column":1}},"1":{"start":{"line":11,"column":14},"end":{"line":11,"column":41}},"2":{"start":{"line":12,"column":2},"end":{"line":18,"column":3}},"3":{"start":{"line":13,"column":4},"end":{"line":17,"column":7}},"4":{"start":{"line":14,"column":6},"end":{"line":16,"column":7}},"5":{"start":{"line":15,"column":8},"end":{"line":15,"column":49}},"6":{"start":{"line":19,"column":2},"end":{"line":19,"column":24}},"7":{"start":{"line":27,"column":14},"end":{"line":27,"column":35}},"8":{"start":{"line":28,"column":2},"end":{"line":28,"column":35}},"9":{"start":{"line":29,"column":2},"end":{"line":48,"column":3}},"10":{"start":{"line":30,"column":21},"end":{"line":36,"column":6}},"11":{"start":{"line":37,"column":4},"end":{"line":41,"column":5}},"12":{"start":{"line":38,"column":24},"end":{"line":38,"column":45}},"13":{"start":{"line":39,"column":6},"end":{"line":39,"column":71}},"14":{"start":{"line":40,"column":6},"end":{"line":40,"column":79}},"15":{"start":{"line":42,"column":17},"end":{"line":42,"column":38}},"16":{"start":{"line":43,"column":4},"end":{"line":43,"column":45}},"17":{"start":{"line":44,"column":4},"end":{"line":44,"column":16}},"18":{"start":{"line":46,"column":4},"end":{"line":46,"column":48}},"19":{"start":{"line":47,"column":4},"end":{"line":47,"column":14}},"20":{"start":{"line":57,"column":14},"end":{"line":57,"column":35}},"21":{"start":{"line":58,"column":2},"end":{"line":58,"column":42}},"22":{"start":{"line":59,"column":2},"end":{"line":80,"column":3}},"23":{"start":{"line":60,"column":21},"end":{"line":68,"column":6}},"24":{"start":{"line":69,"column":4},"end":{"line":73,"column":5}},"25":{"start":{"line":70,"column":24},"end":{"line":70,"column":45}},"26":{"start":{"line":71,"column":6},"end":{"line":71,"column":72}},"27":{"start":{"line":72,"column":6},"end":{"line":72,"column":80}},"28":{"start":{"line":74,"column":17},"end":{"line":74,"column":38}},"29":{"start":{"line":75,"column":4},"end":{"line":75,"column":46}},"30":{"start":{"line":76,"column":4},"end":{"line":76,"column":16}},"31":{"start":{"line":78,"column":4},"end":{"line":78,"column":49}},"32":{"start":{"line":79,"column":4},"end":{"line":79,"column":14}},"33":{"start":{"line":88,"column":14},"end":{"line":88,"column":28}},"34":{"start":{"line":89,"column":2},"end":{"line":89,"column":41}},"35":{"start":{"line":90,"column":2},"end":{"line":111,"column":3}},"36":{"start":{"line":91,"column":21},"end":{"line":99,"column":6}},"37":{"start":{"line":100,"column":4},"end":{"line":104,"column":5}},"38":{"start":{"line":101,"column":24},"end":{"line":101,"column":45}},"39":{"start":{"line":102,"column":6},"end":{"line":102,"column":71}},"40":{"start":{"line":103,"column":6},"end":{"line":103,"column":79}},"41":{"start":{"line":105,"column":17},"end":{"line":105,"column":38}},"42":{"start":{"line":106,"column":4},"end":{"line":106,"column":45}},"43":{"start":{"line":107,"column":4},"end":{"line":107,"column":16}},"44":{"start":{"line":109,"column":4},"end":{"line":109,"column":48}},"45":{"start":{"line":110,"column":4},"end":{"line":110,"column":14}},"46":{"start":{"line":118,"column":14},"end":{"line":118,"column":35}},"47":{"start":{"line":119,"column":2},"end":{"line":119,"column":38}},"48":{"start":{"line":120,"column":2},"end":{"line":138,"column":3}},"49":{"start":{"line":121,"column":21},"end":{"line":124,"column":6}},"50":{"start":{"line":125,"column":4},"end":{"line":131,"column":5}},"51":{"start":{"line":126,"column":24},"end":{"line":126,"column":45}},"52":{"start":{"line":127,"column":6},"end":{"line":127,"column":74}},"53":{"start":{"line":128,"column":6},"end":{"line":130,"column":8}},"54":{"start":{"line":132,"column":17},"end":{"line":132,"column":38}},"55":{"start":{"line":133,"column":4},"end":{"line":133,"column":48}},"56":{"start":{"line":134,"column":4},"end":{"line":134,"column":16}},"57":{"start":{"line":136,"column":4},"end":{"line":136,"column":51}},"58":{"start":{"line":137,"column":4},"end":{"line":137,"column":14}},"59":{"start":{"line":146,"column":14},"end":{"line":149,"column":3}},"60":{"start":{"line":150,"column":2},"end":{"line":150,"column":41}},"61":{"start":{"line":151,"column":2},"end":{"line":167,"column":3}},"62":{"start":{"line":152,"column":21},"end":{"line":155,"column":6}},"63":{"start":{"line":156,"column":4},"end":{"line":160,"column":5}},"64":{"start":{"line":157,"column":24},"end":{"line":157,"column":45}},"65":{"start":{"line":158,"column":6},"end":{"line":158,"column":77}},"66":{"start":{"line":159,"column":6},"end":{"line":159,"column":80}},"67":{"start":{"line":161,"column":17},"end":{"line":161,"column":38}},"68":{"start":{"line":162,"column":4},"end":{"line":162,"column":51}},"69":{"start":{"line":163,"column":4},"end":{"line":163,"column":16}},"70":{"start":{"line":165,"column":4},"end":{"line":165,"column":54}},"71":{"start":{"line":166,"column":4},"end":{"line":166,"column":14}}},"fnMap":{"0":{"name":"buildUrl","decl":{"start":{"line":7,"column":9},"end":{"line":7,"column":17}},"loc":{"start":{"line":10,"column":2},"end":{"line":20,"column":1}},"line":10},"1":{"name":"(anonymous_1)","decl":{"start":{"line":13,"column":34},"end":{"line":13,"column":35}},"loc":{"start":{"line":13,"column":52},"end":{"line":17,"column":5}},"line":13},"2":{"name":"httpGet","decl":{"start":{"line":22,"column":22},"end":{"line":22,"column":29}},"loc":{"start":{"line":26,"column":14},"end":{"line":49,"column":1}},"line":26},"3":{"name":"httpPost","decl":{"start":{"line":51,"column":22},"end":{"line":51,"column":30}},"loc":{"start":{"line":56,"column":14},"end":{"line":81,"column":1}},"line":56},"4":{"name":"httpPut","decl":{"start":{"line":83,"column":22},"end":{"line":83,"column":29}},"loc":{"start":{"line":87,"column":14},"end":{"line":112,"column":1}},"line":87},"5":{"name":"httpDelete","decl":{"start":{"line":114,"column":22},"end":{"line":114,"column":32}},"loc":{"start":{"line":117,"column":14},"end":{"line":139,"column":1}},"line":117},"6":{"name":"httpPostForm","decl":{"start":{"line":141,"column":22},"end":{"line":141,"column":34}},"loc":{"start":{"line":145,"column":14},"end":{"line":168,"column":1}},"line":145}},"branchMap":{"0":{"loc":{"start":{"line":12,"column":2},"end":{"line":18,"column":3}},"type":"if","locations":[{"start":{"line":12,"column":2},"end":{"line":18,"column":3}},{"start":{},"end":{}}],"line":12},"1":{"loc":{"start":{"line":14,"column":6},"end":{"line":16,"column":7}},"type":"if","locations":[{"start":{"line":14,"column":6},"end":{"line":16,"column":7}},{"start":{},"end":{}}],"line":14},"2":{"loc":{"start":{"line":14,"column":10},"end":{"line":14,"column":63}},"type":"binary-expr","locations":[{"start":{"line":14,"column":10},"end":{"line":14,"column":29}},{"start":{"line":14,"column":33},"end":{"line":14,"column":47}},{"start":{"line":14,"column":51},"end":{"line":14,"column":63}}],"line":14},"3":{"loc":{"start":{"line":34,"column":12},"end":{"line":34,"column":25}},"type":"binary-expr","locations":[{"start":{"line":34,"column":12},"end":{"line":34,"column":19}},{"start":{"line":34,"column":23},"end":{"line":34,"column":25}}],"line":34},"4":{"loc":{"start":{"line":37,"column":4},"end":{"line":41,"column":5}},"type":"if","locations":[{"start":{"line":37,"column":4},"end":{"line":41,"column":5}},{"start":{},"end":{}}],"line":37},"5":{"loc":{"start":{"line":64,"column":12},"end":{"line":64,"column":62}},"type":"cond-expr","locations":[{"start":{"line":64,"column":19},"end":{"line":64,"column":57}},{"start":{"line":64,"column":60},"end":{"line":64,"column":62}}],"line":64},"6":{"loc":{"start":{"line":65,"column":12},"end":{"line":65,"column":25}},"type":"binary-expr","locations":[{"start":{"line":65,"column":12},"end":{"line":65,"column":19}},{"start":{"line":65,"column":23},"end":{"line":65,"column":25}}],"line":65},"7":{"loc":{"start":{"line":67,"column":12},"end":{"line":67,"column":51}},"type":"cond-expr","locations":[{"start":{"line":67,"column":19},"end":{"line":67,"column":39}},{"start":{"line":67,"column":42},"end":{"line":67,"column":51}}],"line":67},"8":{"loc":{"start":{"line":69,"column":4},"end":{"line":73,"column":5}},"type":"if","locations":[{"start":{"line":69,"column":4},"end":{"line":73,"column":5}},{"start":{},"end":{}}],"line":69},"9":{"loc":{"start":{"line":95,"column":12},"end":{"line":95,"column":62}},"type":"cond-expr","locations":[{"start":{"line":95,"column":19},"end":{"line":95,"column":57}},{"start":{"line":95,"column":60},"end":{"line":95,"column":62}}],"line":95},"10":{"loc":{"start":{"line":96,"column":12},"end":{"line":96,"column":25}},"type":"binary-expr","locations":[{"start":{"line":96,"column":12},"end":{"line":96,"column":19}},{"start":{"line":96,"column":23},"end":{"line":96,"column":25}}],"line":96},"11":{"loc":{"start":{"line":98,"column":12},"end":{"line":98,"column":51}},"type":"cond-expr","locations":[{"start":{"line":98,"column":19},"end":{"line":98,"column":39}},{"start":{"line":98,"column":42},"end":{"line":98,"column":51}}],"line":98},"12":{"loc":{"start":{"line":100,"column":4},"end":{"line":104,"column":5}},"type":"if","locations":[{"start":{"line":100,"column":4},"end":{"line":104,"column":5}},{"start":{},"end":{}}],"line":100},"13":{"loc":{"start":{"line":125,"column":4},"end":{"line":131,"column":5}},"type":"if","locations":[{"start":{"line":125,"column":4},"end":{"line":131,"column":5}},{"start":{},"end":{}}],"line":125},"14":{"loc":{"start":{"line":156,"column":4},"end":{"line":160,"column":5}},"type":"if","locations":[{"start":{"line":156,"column":4},"end":{"line":160,"column":5}},{"start":{},"end":{}}],"line":156}},"s":{"0":0,"1":0,"2":0,"3":0,"4":0,"5":0,"6":0,"7":0,"8":0,"9":0,"10":0,"11":0,"12":0,"13":0,"14":0,"15":0,"16":0,"17":0,"18":0,"19":0,"20":0,"21":0,"22":0,"23":0,"24":0,"25":0,"26":0,"27":0,"28":0,"29":0,"30":0,"31":0,"32":0,"33":0,"34":0,"35":0,"36":0,"37":0,"38":0,"39":0,"40":0,"41":0,"42":0,"43":0,"44":0,"45":0,"46":0,"47":0,"48":0,"49":0,"50":0,"51":0,"52":0,"53":0,"54":0,"55":0,"56":0,"57":0,"58":0,"59":0,"60":0,"61":0,"62":0,"63":0,"64":0,"65":0,"66":0,"67":0,"68":0,"69":0,"70":0,"71":0},"f":{"0":0,"1":0,"2":0,"3":0,"4":0,"5":0,"6":0},"b":{"0":[0,0],"1":[0,0],"2":[0,0,0],"3":[0,0],"4":[0,0],"5":[0,0],"6":[0,0],"7":[0,0],"8":[0,0],"9":[0,0],"10":[0,0],"11":[0,0],"12":[0,0],"13":[0,0],"14":[0,0]}}
,"C:\\Users\\MSI GF63\\Pictures\\web\\TrackNGo\\frontend\\mobile-app\\TrackNgo-Mobile\\services\\smsService.ts": {"path":"C:\\Users\\MSI GF63\\Pictures\\web\\TrackNGo\\frontend\\mobile-app\\TrackNgo-Mobile\\services\\smsService.ts","statementMap":{"0":{"start":{"line":18,"column":20},"end":{"line":18,"column":76}},"1":{"start":{"line":19,"column":16},"end":{"line":19,"column":88}},"2":{"start":{"line":21,"column":2},"end":{"line":23,"column":3}},"3":{"start":{"line":22,"column":4},"end":{"line":22,"column":44}},"4":{"start":{"line":25,"column":2},"end":{"line":27,"column":3}},"5":{"start":{"line":26,"column":4},"end":{"line":26,"column":101}},"6":{"start":{"line":29,"column":2},"end":{"line":34,"column":3}},"7":{"start":{"line":30,"column":19},"end":{"line":32,"column":13}},"8":{"start":{"line":33,"column":4},"end":{"line":33,"column":47}},"9":{"start":{"line":36,"column":2},"end":{"line":36,"column":50}},"10":{"start":{"line":37,"column":2},"end":{"line":37,"column":17}},"11":{"start":{"line":43,"column":22},"end":{"line":43,"column":50}},"12":{"start":{"line":44,"column":2},"end":{"line":47,"column":3}},"13":{"start":{"line":45,"column":4},"end":{"line":45,"column":56}},"14":{"start":{"line":46,"column":4},"end":{"line":46,"column":44}},"15":{"start":{"line":49,"column":20},"end":{"line":49,"column":49}},"16":{"start":{"line":51,"column":2},"end":{"line":56,"column":3}},"17":{"start":{"line":52,"column":4},"end":{"line":52,"column":68}},"18":{"start":{"line":54,"column":4},"end":{"line":54,"column":70}},"19":{"start":{"line":55,"column":4},"end":{"line":55,"column":44}},"20":{"start":{"line":58,"column":2},"end":{"line":61,"column":3}},"21":{"start":{"line":59,"column":4},"end":{"line":59,"column":63}},"22":{"start":{"line":60,"column":4},"end":{"line":60,"column":44}},"23":{"start":{"line":63,"column":23},"end":{"line":63,"column":56}},"24":{"start":{"line":63,"column":43},"end":{"line":63,"column":55}},"25":{"start":{"line":64,"column":18},"end":{"line":64,"column":41}},"26":{"start":{"line":66,"column":21},"end":{"line":66,"column":66}},"27":{"start":{"line":68,"column":2},"end":{"line":71,"column":4}}},"fnMap":{"0":{"name":"buildSosMessage","decl":{"start":{"line":17,"column":9},"end":{"line":17,"column":24}},"loc":{"start":{"line":17,"column":59},"end":{"line":38,"column":1}},"line":17},"1":{"name":"sendSosSmsDirect","decl":{"start":{"line":40,"column":22},"end":{"line":40,"column":38}},"loc":{"start":{"line":42,"column":52},"end":{"line":72,"column":1}},"line":42},"2":{"name":"(anonymous_2)","decl":{"start":{"line":63,"column":36},"end":{"line":63,"column":37}},"loc":{"start":{"line":63,"column":43},"end":{"line":63,"column":55}},"line":63}},"branchMap":{"0":{"loc":{"start":{"line":18,"column":20},"end":{"line":18,"column":76}},"type":"cond-expr","locations":[{"start":{"line":18,"column":54},"end":{"line":18,"column":65}},{"start":{"line":18,"column":68},"end":{"line":18,"column":76}}],"line":18},"1":{"loc":{"start":{"line":21,"column":2},"end":{"line":23,"column":3}},"type":"if","locations":[{"start":{"line":21,"column":2},"end":{"line":23,"column":3}},{"start":{},"end":{}}],"line":21},"2":{"loc":{"start":{"line":25,"column":2},"end":{"line":27,"column":3}},"type":"if","locations":[{"start":{"line":25,"column":2},"end":{"line":27,"column":3}},{"start":{},"end":{}}],"line":25},"3":{"loc":{"start":{"line":25,"column":6},"end":{"line":25,"column":48}},"type":"binary-expr","locations":[{"start":{"line":25,"column":6},"end":{"line":25,"column":26}},{"start":{"line":25,"column":30},"end":{"line":25,"column":48}}],"line":25},"4":{"loc":{"start":{"line":26,"column":26},"end":{"line":26,"column":59}},"type":"binary-expr","locations":[{"start":{"line":26,"column":26},"end":{"line":26,"column":46}},{"start":{"line":26,"column":50},"end":{"line":26,"column":59}}],"line":26},"5":{"loc":{"start":{"line":26,"column":66},"end":{"line":26,"column":97}},"type":"binary-expr","locations":[{"start":{"line":26,"column":66},"end":{"line":26,"column":84}},{"start":{"line":26,"column":88},"end":{"line":26,"column":97}}],"line":26},"6":{"loc":{"start":{"line":29,"column":2},"end":{"line":34,"column":3}},"type":"if","locations":[{"start":{"line":29,"column":2},"end":{"line":34,"column":3}},{"start":{},"end":{}}],"line":29},"7":{"loc":{"start":{"line":44,"column":2},"end":{"line":47,"column":3}},"type":"if","locations":[{"start":{"line":44,"column":2},"end":{"line":47,"column":3}},{"start":{},"end":{}}],"line":44},"8":{"loc":{"start":{"line":58,"column":2},"end":{"line":61,"column":3}},"type":"if","locations":[{"start":{"line":58,"column":2},"end":{"line":61,"column":3}},{"start":{},"end":{}}],"line":58},"9":{"loc":{"start":{"line":58,"column":6},"end":{"line":58,"column":40}},"type":"binary-expr","locations":[{"start":{"line":58,"column":6},"end":{"line":58,"column":15}},{"start":{"line":58,"column":19},"end":{"line":58,"column":40}}],"line":58}},"s":{"0":0,"1":0,"2":0,"3":0,"4":0,"5":0,"6":0,"7":0,"8":0,"9":0,"10":0,"11":0,"12":0,"13":0,"14":0,"15":0,"16":0,"17":0,"18":0,"19":0,"20":0,"21":0,"22":0,"23":0,"24":0,"25":0,"26":0,"27":0},"f":{"0":0,"1":0,"2":0},"b":{"0":[0,0],"1":[0,0],"2":[0,0],"3":[0,0],"4":[0,0],"5":[0,0],"6":[0,0],"7":[0,0],"8":[0,0],"9":[0,0]}}
,"C:\\Users\\MSI GF63\\Pictures\\web\\TrackNGo\\frontend\\mobile-app\\TrackNgo-Mobile\\services\\sosApi.ts": {"path":"C:\\Users\\MSI GF63\\Pictures\\web\\TrackNGo\\frontend\\mobile-app\\TrackNgo-Mobile\\services\\sosApi.ts","statementMap":{"0":{"start":{"line":29,"column":14},"end":{"line":31,"column":3}},"1":{"start":{"line":32,"column":2},"end":{"line":32,"column":18}},"2":{"start":{"line":38,"column":2},"end":{"line":42,"column":4}}},"fnMap":{"0":{"name":"getActiveEmergencyNumbers","decl":{"start":{"line":28,"column":22},"end":{"line":28,"column":47}},"loc":{"start":{"line":28,"column":79},"end":{"line":33,"column":1}},"line":28},"1":{"name":"triggerSosAlert","decl":{"start":{"line":35,"column":22},"end":{"line":35,"column":37}},"loc":{"start":{"line":37,"column":17},"end":{"line":43,"column":1}},"line":37}},"branchMap":{},"s":{"0":0,"1":0,"2":0},"f":{"0":0,"1":0},"b":{}}
,"C:\\Users\\MSI GF63\\Pictures\\web\\TrackNGo\\frontend\\mobile-app\\TrackNgo-Mobile\\services\\trackingApi.ts": {"path":"C:\\Users\\MSI GF63\\Pictures\\web\\TrackNGo\\frontend\\mobile-app\\TrackNgo-Mobile\\services\\trackingApi.ts","statementMap":{"0":{"start":{"line":43,"column":15},"end":{"line":47,"column":3}},"1":{"start":{"line":48,"column":2},"end":{"line":48,"column":20}},"2":{"start":{"line":54,"column":15},"end":{"line":56,"column":3}},"3":{"start":{"line":57,"column":2},"end":{"line":57,"column":27}},"4":{"start":{"line":64,"column":15},"end":{"line":67,"column":3}},"5":{"start":{"line":68,"column":2},"end":{"line":68,"column":27}},"6":{"start":{"line":76,"column":33},"end":{"line":76,"column":37}},"7":{"start":{"line":77,"column":22},"end":{"line":77,"column":65}},"8":{"start":{"line":78,"column":65},"end":{"line":78,"column":69}},"9":{"start":{"line":79,"column":28},"end":{"line":79,"column":32}},"10":{"start":{"line":82,"column":4},"end":{"line":82,"column":55}},"11":{"start":{"line":82,"column":48},"end":{"line":82,"column":55}},"12":{"start":{"line":84,"column":22},"end":{"line":84,"column":57}},"13":{"start":{"line":85,"column":16},"end":{"line":85,"column":42}},"14":{"start":{"line":86,"column":4},"end":{"line":86,"column":51}},"15":{"start":{"line":88,"column":4},"end":{"line":88,"column":33}},"16":{"start":{"line":90,"column":4},"end":{"line":96,"column":6}},"17":{"start":{"line":91,"column":6},"end":{"line":91,"column":44}},"18":{"start":{"line":92,"column":6},"end":{"line":95,"column":7}},"19":{"start":{"line":93,"column":8},"end":{"line":93,"column":42}},"20":{"start":{"line":94,"column":8},"end":{"line":94,"column":35}},"21":{"start":{"line":98,"column":4},"end":{"line":113,"column":6}},"22":{"start":{"line":99,"column":6},"end":{"line":112,"column":7}},"23":{"start":{"line":100,"column":38},"end":{"line":100,"column":60}},"24":{"start":{"line":101,"column":8},"end":{"line":101,"column":87}},"25":{"start":{"line":101,"column":80},"end":{"line":101,"column":87}},"26":{"start":{"line":104,"column":29},"end":{"line":104,"column":69}},"27":{"start":{"line":105,"column":8},"end":{"line":105,"column":47}},"28":{"start":{"line":105,"column":37},"end":{"line":105,"column":45}},"29":{"start":{"line":108,"column":29},"end":{"line":108,"column":58}},"30":{"start":{"line":109,"column":8},"end":{"line":109,"column":47}},"31":{"start":{"line":109,"column":37},"end":{"line":109,"column":45}},"32":{"start":{"line":111,"column":8},"end":{"line":111,"column":57}},"33":{"start":{"line":115,"column":4},"end":{"line":120,"column":6}},"34":{"start":{"line":116,"column":6},"end":{"line":116,"column":47}},"35":{"start":{"line":117,"column":6},"end":{"line":119,"column":7}},"36":{"start":{"line":118,"column":8},"end":{"line":118,"column":69}},"37":{"start":{"line":118,"column":47},"end":{"line":118,"column":61}},"38":{"start":{"line":122,"column":4},"end":{"line":124,"column":6}},"39":{"start":{"line":123,"column":6},"end":{"line":123,"column":45}},"40":{"start":{"line":128,"column":21},"end":{"line":128,"column":56}},"41":{"start":{"line":129,"column":4},"end":{"line":129,"column":28}},"42":{"start":{"line":130,"column":4},"end":{"line":130,"column":44}},"43":{"start":{"line":134,"column":21},"end":{"line":134,"column":56}},"44":{"start":{"line":135,"column":4},"end":{"line":138,"column":6}},"45":{"start":{"line":137,"column":30},"end":{"line":137,"column":45}},"46":{"start":{"line":142,"column":4},"end":{"line":142,"column":33}},"47":{"start":{"line":143,"column":4},"end":{"line":146,"column":5}},"48":{"start":{"line":144,"column":6},"end":{"line":144,"column":40}},"49":{"start":{"line":145,"column":6},"end":{"line":145,"column":33}},"50":{"start":{"line":147,"column":4},"end":{"line":147,"column":21}},"51":{"start":{"line":148,"column":4},"end":{"line":148,"column":19}},"52":{"start":{"line":149,"column":4},"end":{"line":149,"column":27}},"53":{"start":{"line":153,"column":4},"end":{"line":155,"column":5}},"54":{"start":{"line":154,"column":6},"end":{"line":154,"column":45}}},"fnMap":{"0":{"name":"publishBusLocation","decl":{"start":{"line":40,"column":22},"end":{"line":40,"column":40}},"loc":{"start":{"line":42,"column":28},"end":{"line":49,"column":1}},"line":42},"1":{"name":"getLatestBusLocation","decl":{"start":{"line":51,"column":22},"end":{"line":51,"column":42}},"loc":{"start":{"line":53,"column":35},"end":{"line":58,"column":1}},"line":53},"2":{"name":"getRouteGeometry","decl":{"start":{"line":60,"column":22},"end":{"line":60,"column":38}},"loc":{"start":{"line":63,"column":33},"end":{"line":69,"column":1}},"line":63},"3":{"name":"(anonymous_3)","decl":{"start":{"line":81,"column":2},"end":{"line":81,"column":3}},"loc":{"start":{"line":81,"column":12},"end":{"line":125,"column":3}},"line":81},"4":{"name":"(anonymous_4)","decl":{"start":{"line":90,"column":21},"end":{"line":90,"column":22}},"loc":{"start":{"line":90,"column":27},"end":{"line":96,"column":5}},"line":90},"5":{"name":"(anonymous_5)","decl":{"start":{"line":98,"column":24},"end":{"line":98,"column":25}},"loc":{"start":{"line":98,"column":35},"end":{"line":113,"column":5}},"line":98},"6":{"name":"(anonymous_6)","decl":{"start":{"line":105,"column":29},"end":{"line":105,"column":30}},"loc":{"start":{"line":105,"column":37},"end":{"line":105,"column":45}},"line":105},"7":{"name":"(anonymous_7)","decl":{"start":{"line":109,"column":29},"end":{"line":109,"column":30}},"loc":{"start":{"line":109,"column":37},"end":{"line":109,"column":45}},"line":109},"8":{"name":"(anonymous_8)","decl":{"start":{"line":115,"column":22},"end":{"line":115,"column":23}},"loc":{"start":{"line":115,"column":28},"end":{"line":120,"column":5}},"line":115},"9":{"name":"(anonymous_9)","decl":{"start":{"line":118,"column":41},"end":{"line":118,"column":42}},"loc":{"start":{"line":118,"column":47},"end":{"line":118,"column":61}},"line":118},"10":{"name":"(anonymous_10)","decl":{"start":{"line":122,"column":22},"end":{"line":122,"column":23}},"loc":{"start":{"line":122,"column":29},"end":{"line":124,"column":5}},"line":122},"11":{"name":"(anonymous_11)","decl":{"start":{"line":127,"column":2},"end":{"line":127,"column":3}},"loc":{"start":{"line":127,"column":65},"end":{"line":131,"column":3}},"line":127},"12":{"name":"(anonymous_12)","decl":{"start":{"line":133,"column":2},"end":{"line":133,"column":3}},"loc":{"start":{"line":133,"column":67},"end":{"line":139,"column":3}},"line":133},"13":{"name":"(anonymous_13)","decl":{"start":{"line":137,"column":22},"end":{"line":137,"column":23}},"loc":{"start":{"line":137,"column":30},"end":{"line":137,"column":45}},"line":137},"14":{"name":"(anonymous_14)","decl":{"start":{"line":141,"column":2},"end":{"line":141,"column":3}},"loc":{"start":{"line":141,"column":15},"end":{"line":150,"column":3}},"line":141},"15":{"name":"(anonymous_15)","decl":{"start":{"line":152,"column":2},"end":{"line":152,"column":3}},"loc":{"start":{"line":152,"column":42},"end":{"line":156,"column":3}},"line":152}},"branchMap":{"0":{"loc":{"start":{"line":57,"column":9},"end":{"line":57,"column":26}},"type":"binary-expr","locations":[{"start":{"line":57,"column":9},"end":{"line":57,"column":18}},{"start":{"line":57,"column":22},"end":{"line":57,"column":26}}],"line":57},"1":{"loc":{"start":{"line":68,"column":9},"end":{"line":68,"column":26}},"type":"binary-expr","locations":[{"start":{"line":68,"column":9},"end":{"line":68,"column":18}},{"start":{"line":68,"column":22},"end":{"line":68,"column":26}}],"line":68},"2":{"loc":{"start":{"line":82,"column":4},"end":{"line":82,"column":55}},"type":"if","locations":[{"start":{"line":82,"column":4},"end":{"line":82,"column":55}},{"start":{},"end":{}}],"line":82},"3":{"loc":{"start":{"line":92,"column":6},"end":{"line":95,"column":7}},"type":"if","locations":[{"start":{"line":92,"column":6},"end":{"line":95,"column":7}},{"start":{},"end":{}}],"line":92},"4":{"loc":{"start":{"line":101,"column":8},"end":{"line":101,"column":87}},"type":"if","locations":[{"start":{"line":101,"column":8},"end":{"line":101,"column":87}},{"start":{},"end":{}}],"line":101},"5":{"loc":{"start":{"line":101,"column":12},"end":{"line":101,"column":78}},"type":"binary-expr","locations":[{"start":{"line":101,"column":12},"end":{"line":101,"column":27}},{"start":{"line":101,"column":31},"end":{"line":101,"column":52}},{"start":{"line":101,"column":56},"end":{"line":101,"column":78}}],"line":101},"6":{"loc":{"start":{"line":104,"column":29},"end":{"line":104,"column":69}},"type":"binary-expr","locations":[{"start":{"line":104,"column":29},"end":{"line":104,"column":63}},{"start":{"line":104,"column":67},"end":{"line":104,"column":69}}],"line":104},"7":{"loc":{"start":{"line":108,"column":29},"end":{"line":108,"column":58}},"type":"binary-expr","locations":[{"start":{"line":108,"column":29},"end":{"line":108,"column":52}},{"start":{"line":108,"column":56},"end":{"line":108,"column":58}}],"line":108},"8":{"loc":{"start":{"line":117,"column":6},"end":{"line":119,"column":7}},"type":"if","locations":[{"start":{"line":117,"column":6},"end":{"line":119,"column":7}},{"start":{},"end":{}}],"line":117},"9":{"loc":{"start":{"line":128,"column":21},"end":{"line":128,"column":56}},"type":"binary-expr","locations":[{"start":{"line":128,"column":21},"end":{"line":128,"column":50}},{"start":{"line":128,"column":54},"end":{"line":128,"column":56}}],"line":128},"10":{"loc":{"start":{"line":134,"column":21},"end":{"line":134,"column":56}},"type":"binary-expr","locations":[{"start":{"line":134,"column":21},"end":{"line":134,"column":50}},{"start":{"line":134,"column":54},"end":{"line":134,"column":56}}],"line":134},"11":{"loc":{"start":{"line":143,"column":4},"end":{"line":146,"column":5}},"type":"if","locations":[{"start":{"line":143,"column":4},"end":{"line":146,"column":5}},{"start":{},"end":{}}],"line":143},"12":{"loc":{"start":{"line":153,"column":4},"end":{"line":155,"column":5}},"type":"if","locations":[{"start":{"line":153,"column":4},"end":{"line":155,"column":5}},{"start":{},"end":{}}],"line":153}},"s":{"0":0,"1":0,"2":0,"3":0,"4":0,"5":0,"6":0,"7":0,"8":0,"9":0,"10":0,"11":0,"12":0,"13":0,"14":0,"15":0,"16":0,"17":0,"18":0,"19":0,"20":0,"21":0,"22":0,"23":0,"24":0,"25":0,"26":0,"27":0,"28":0,"29":0,"30":0,"31":0,"32":0,"33":0,"34":0,"35":0,"36":0,"37":0,"38":0,"39":0,"40":0,"41":0,"42":0,"43":0,"44":0,"45":0,"46":0,"47":0,"48":0,"49":0,"50":0,"51":0,"52":0,"53":0,"54":0},"f":{"0":0,"1":0,"2":0,"3":0,"4":0,"5":0,"6":0,"7":0,"8":0,"9":0,"10":0,"11":0,"12":0,"13":0,"14":0,"15":0},"b":{"0":[0,0],"1":[0,0],"2":[0,0],"3":[0,0],"4":[0,0],"5":[0,0,0],"6":[0,0],"7":[0,0],"8":[0,0],"9":[0,0],"10":[0,0],"11":[0,0],"12":[0,0]}}
,"C:\\Users\\MSI GF63\\Pictures\\web\\TrackNGo\\frontend\\mobile-app\\TrackNgo-Mobile\\services\\userProfileApi.ts": {"path":"C:\\Users\\MSI GF63\\Pictures\\web\\TrackNGo\\frontend\\mobile-app\\TrackNgo-Mobile\\services\\userProfileApi.ts","statementMap":{"0":{"start":{"line":4,"column":21},"end":{"line":4,"column":51}},"1":{"start":{"line":7,"column":17},"end":{"line":7,"column":41}},"2":{"start":{"line":8,"column":2},"end":{"line":10,"column":3}},"3":{"start":{"line":9,"column":4},"end":{"line":9,"column":18}},"4":{"start":{"line":11,"column":18},"end":{"line":11,"column":76}},"5":{"start":{"line":12,"column":2},"end":{"line":12,"column":36}},"6":{"start":{"line":13,"column":2},"end":{"line":13,"column":17}},"7":{"start":{"line":24,"column":30},"end":{"line":24,"column":36}},"8":{"start":{"line":25,"column":18},"end":{"line":25,"column":82}},"9":{"start":{"line":26,"column":2},"end":{"line":26,"column":36}},"10":{"start":{"line":27,"column":2},"end":{"line":27,"column":17}}},"fnMap":{"0":{"name":"getUserProfile","decl":{"start":{"line":6,"column":22},"end":{"line":6,"column":36}},"loc":{"start":{"line":6,"column":75},"end":{"line":14,"column":1}},"line":6},"1":{"name":"updateUserProfile","decl":{"start":{"line":16,"column":22},"end":{"line":16,"column":39}},"loc":{"start":{"line":23,"column":25},"end":{"line":28,"column":1}},"line":23}},"branchMap":{"0":{"loc":{"start":{"line":8,"column":2},"end":{"line":10,"column":3}},"type":"if","locations":[{"start":{"line":8,"column":2},"end":{"line":10,"column":3}},{"start":{},"end":{}}],"line":8}},"s":{"0":0,"1":0,"2":0,"3":0,"4":0,"5":0,"6":0,"7":0,"8":0,"9":0,"10":0},"f":{"0":0,"1":0},"b":{"0":[0,0]}}
}
