TN:
SF:services\bookingFlowApi.ts
FN:137,searchBuses
FN:152,getBusDetails
FN:163,getSeatLayout
FN:172,getBookedSeats
FN:183,getBlockedSeats
FN:192,createBooking
FN:203,quotePromotion
FN:251,createStripeCheckoutSession
FN:269,getStripeSessionStatus
FN:278,getBookingByRef
FNF:10
FNH:7
FNDA:4,searchBuses
FNDA:2,getBusDetails
FNDA:2,getSeatLayout
FNDA:2,getBookedSeats
FNDA:1,getBlockedSeats
FNDA:2,createBooking
FNDA:0,quotePromotion
FNDA:0,createStripeCheckoutSession
FNDA:0,getStripeSessionStatus
FNDA:1,getBookingByRef
DA:143,4
DA:144,4
DA:145,4
DA:149,3
DA:153,2
DA:154,2
DA:155,2
DA:156,2
DA:160,2
DA:166,2
DA:169,2
DA:176,2
DA:180,2
DA:186,1
DA:189,1
DA:195,2
DA:200,1
DA:206,0
DA:207,0
DA:216,0
DA:217,0
DA:218,0
DA:219,0
DA:220,0
DA:222,0
DA:226,0
DA:227,0
DA:230,0
DA:254,0
DA:259,0
DA:272,0
DA:275,0
DA:281,1
DA:284,1
LF:34
LH:19
BRDA:144,0,0,1
BRDA:144,0,1,3
BRDA:149,1,0,3
BRDA:149,1,1,1
BRDA:154,2,0,1
BRDA:154,2,1,1
BRDA:155,3,0,1
BRDA:155,3,1,1
BRDA:158,4,0,1
BRDA:158,4,1,1
BRDA:169,5,0,2
BRDA:169,5,1,1
BRDA:180,6,0,2
BRDA:180,6,1,1
BRDA:189,7,0,1
BRDA:189,7,1,0
BRDA:218,8,0,0
BRDA:218,8,1,0
BRDA:226,9,0,0
BRDA:226,9,1,0
BRDA:226,10,0,0
BRDA:226,10,1,0
BRDA:227,11,0,0
BRDA:227,11,1,0
BRF:24
BRH:15
end_of_record
TN:
SF:services\bookingsApi.ts
FN:36,authHeaders
FN:41,getRecentUpcomingBookings
FN:51,getUpcomingBookings
FN:61,getPastBookings
FN:71,cancelBooking
FNF:5
FNH:0
FNDA:0,authHeaders
FNDA:0,getRecentUpcomingBookings
FNDA:0,getUpcomingBookings
FNDA:0,getPastBookings
FNDA:0,cancelBooking
DA:4,0
DA:37,0
DA:38,0
DA:42,0
DA:43,0
DA:48,0
DA:52,0
DA:53,0
DA:58,0
DA:62,0
DA:63,0
DA:68,0
DA:72,0
DA:73,0
LF:14
LH:0
BRDA:38,0,0,0
BRDA:38,0,1,0
BRDA:48,1,0,0
BRDA:48,1,1,0
BRDA:58,2,0,0
BRDA:58,2,1,0
BRDA:68,3,0,0
BRDA:68,3,1,0
BRF:8
BRH:0
end_of_record
TN:
SF:services\chatApi.ts
FN:12,getUserConversations
FN:29,createConversation
FN:40,searchUserConversations
FN:57,getConversationMessages
FN:74,sendConversationMessage
FN:86,markConversationDelivered
FN:97,markConversationRead
FN:108,getPresenceSnapshot
FN:112,uploadMedia
FN:131,deleteMessage
FNF:10
FNH:0
FNDA:0,getUserConversations
FNDA:0,createConversation
FNDA:0,searchUserConversations
FNDA:0,getConversationMessages
FNDA:0,sendConversationMessage
FNDA:0,markConversationDelivered
FNDA:0,markConversationRead
FNDA:0,getPresenceSnapshot
FNDA:0,uploadMedia
FNDA:0,deleteMessage
DA:18,0
DA:19,0
DA:33,0
DA:34,0
DA:46,0
DA:47,0
DA:63,0
DA:64,0
DA:78,0
DA:79,0
DA:90,0
DA:91,0
DA:101,0
DA:102,0
DA:109,0
DA:118,0
DA:119,0
DA:120,0
DA:126,0
DA:135,0
DA:136,0
LF:21
LH:0
BRDA:18,0,0,0
BRDA:18,1,0,0
BRDA:46,2,0,0
BRDA:46,3,0,0
BRDA:63,4,0,0
BRDA:63,5,0,0
BRDA:118,6,0,0
BRF:7
BRH:0
end_of_record
TN:
SF:services\chatSocket.ts
FN:24,(anonymous_0)
FN:26,(anonymous_1)
FN:30,(anonymous_2)
FN:34,(anonymous_3)
FN:38,(anonymous_4)
FN:44,(anonymous_5)
FN:68,(anonymous_6)
FN:76,(anonymous_7)
FN:85,(anonymous_8)
FN:94,(anonymous_9)
FN:104,(anonymous_10)
FN:114,(anonymous_11)
FN:120,(anonymous_12)
FN:125,(anonymous_13)
FN:137,(anonymous_14)
FN:173,(anonymous_15)
FN:175,(anonymous_16)
FN:179,(anonymous_17)
FN:183,(anonymous_18)
FN:188,(anonymous_19)
FN:195,(anonymous_20)
FN:196,(anonymous_21)
FN:201,(anonymous_22)
FN:208,(anonymous_23)
FN:222,(anonymous_24)
FNF:25
FNH:0
FNDA:0,(anonymous_0)
FNDA:0,(anonymous_1)
FNDA:0,(anonymous_2)
FNDA:0,(anonymous_3)
FNDA:0,(anonymous_4)
FNDA:0,(anonymous_5)
FNDA:0,(anonymous_6)
FNDA:0,(anonymous_7)
FNDA:0,(anonymous_8)
FNDA:0,(anonymous_9)
FNDA:0,(anonymous_10)
FNDA:0,(anonymous_11)
FNDA:0,(anonymous_12)
FNDA:0,(anonymous_13)
FNDA:0,(anonymous_14)
FNDA:0,(anonymous_15)
FNDA:0,(anonymous_16)
FNDA:0,(anonymous_17)
FNDA:0,(anonymous_18)
FNDA:0,(anonymous_19)
FNDA:0,(anonymous_20)
FNDA:0,(anonymous_21)
FNDA:0,(anonymous_22)
FNDA:0,(anonymous_23)
FNDA:0,(anonymous_24)
DA:16,0
DA:17,0
DA:18,0
DA:19,0
DA:20,0
DA:21,0
DA:22,0
DA:25,0
DA:26,0
DA:30,0
DA:31,0
DA:32,0
DA:33,0
DA:34,0
DA:35,0
DA:38,0
DA:39,0
DA:40,0
DA:45,0
DA:46,0
DA:51,0
DA:53,0
DA:55,0
DA:56,0
DA:57,0
DA:58,0
DA:60,0
DA:61,0
DA:62,0
DA:63,0
DA:64,0
DA:69,0
DA:70,0
DA:71,0
DA:73,0
DA:74,0
DA:76,0
DA:77,0
DA:78,0
DA:80,0
DA:81,0
DA:86,0
DA:87,0
DA:88,0
DA:89,0
DA:90,0
DA:95,0
DA:96,0
DA:98,0
DA:105,0
DA:106,0
DA:108,0
DA:115,0
DA:116,0
DA:117,0
DA:120,0
DA:121,0
DA:134,0
DA:135,0
DA:137,0
DA:138,0
DA:139,0
DA:141,0
DA:147,0
DA:153,0
DA:159,0
DA:167,0
DA:168,0
DA:170,0
DA:173,0
DA:174,0
DA:175,0
DA:183,0
DA:184,0
DA:189,0
DA:190,0
DA:193,0
DA:196,0
DA:202,0
DA:203,0
DA:205,0
DA:209,0
DA:210,0
DA:213,0
DA:223,0
DA:227,0
LF:86
LH:0
BRDA:45,0,0,0
BRDA:45,0,1,0
BRDA:46,1,0,0
BRDA:46,1,1,0
BRDA:47,2,0,0
BRDA:47,2,1,0
BRDA:47,2,2,0
BRDA:56,3,0,0
BRDA:56,3,1,0
BRDA:60,4,0,0
BRDA:60,4,1,0
BRDA:62,5,0,0
BRDA:62,5,1,0
BRDA:70,6,0,0
BRDA:70,6,1,0
BRDA:73,7,0,0
BRDA:73,7,1,0
BRDA:77,8,0,0
BRDA:77,8,1,0
BRDA:86,9,0,0
BRDA:86,9,1,0
BRDA:95,10,0,0
BRDA:95,10,1,0
BRDA:105,11,0,0
BRDA:105,11,1,0
BRDA:116,12,0,0
BRDA:116,12,1,0
BRDA:138,13,0,0
BRDA:138,13,1,0
BRDA:167,14,0,0
BRDA:167,14,1,0
BRDA:189,15,0,0
BRDA:189,15,1,0
BRDA:189,16,0,0
BRDA:189,16,1,0
BRDA:202,17,0,0
BRDA:202,17,1,0
BRDA:209,18,0,0
BRDA:209,18,1,0
BRDA:223,19,0,0
BRDA:223,19,1,0
BRF:41
BRH:0
end_of_record
TN:
SF:services\complaintsApi.ts
FN:34,authHeaders
FN:39,createComplaint
FN:53,getMyComplaints
FNF:3
FNH:0
FNDA:0,authHeaders
FNDA:0,createComplaint
FNDA:0,getMyComplaints
DA:4,0
DA:35,0
DA:36,0
DA:43,0
DA:44,0
DA:50,0
DA:54,0
DA:55,0
DA:60,0
LF:9
LH:0
BRDA:36,0,0,0
BRDA:36,0,1,0
BRDA:46,1,0,0
BRDA:46,1,1,0
BRDA:57,2,0,0
BRDA:57,2,1,0
BRDA:60,3,0,0
BRDA:60,3,1,0
BRF:8
BRH:0
end_of_record
TN:
SF:services\emergencyContactApi.ts
FN:18,getEmergencyContacts
FN:26,addEmergencyContact
FN:47,deleteEmergencyContact
FNF:3
FNH:0
FNDA:0,getEmergencyContacts
FNDA:0,addEmergencyContact
FNDA:0,deleteEmergencyContact
DA:19,0
DA:23,0
DA:33,0
DA:44,0
DA:48,0
DA:51,0
LF:6
LH:0
BRDA:41,0,0,0
BRDA:41,0,1,0
BRF:2
BRH:0
end_of_record
TN:
SF:services\http.ts
FN:7,buildUrl
FN:13,(anonymous_1)
FN:22,httpGet
FN:51,httpPost
FN:83,httpPut
FN:114,httpDelete
FN:141,httpPostForm
FNF:7
FNH:0
FNDA:0,buildUrl
FNDA:0,(anonymous_1)
FNDA:0,httpGet
FNDA:0,httpPost
FNDA:0,httpPut
FNDA:0,httpDelete
FNDA:0,httpPostForm
DA:3,0
DA:11,0
DA:12,0
DA:13,0
DA:14,0
DA:15,0
DA:19,0
DA:27,0
DA:28,0
DA:29,0
DA:30,0
DA:37,0
DA:38,0
DA:39,0
DA:40,0
DA:42,0
DA:43,0
DA:44,0
DA:46,0
DA:47,0
DA:57,0
DA:58,0
DA:59,0
DA:60,0
DA:69,0
DA:70,0
DA:71,0
DA:72,0
DA:74,0
DA:75,0
DA:76,0
DA:78,0
DA:79,0
DA:88,0
DA:89,0
DA:90,0
DA:91,0
DA:100,0
DA:101,0
DA:102,0
DA:103,0
DA:105,0
DA:106,0
DA:107,0
DA:109,0
DA:110,0
DA:118,0
DA:119,0
DA:120,0
DA:121,0
DA:125,0
DA:126,0
DA:127,0
DA:128,0
DA:132,0
DA:133,0
DA:134,0
DA:136,0
DA:137,0
DA:146,0
DA:150,0
DA:151,0
DA:152,0
DA:156,0
DA:157,0
DA:158,0
DA:159,0
DA:161,0
DA:162,0
DA:163,0
DA:165,0
DA:166,0
LF:72
LH:0
BRDA:12,0,0,0
BRDA:12,0,1,0
BRDA:14,1,0,0
BRDA:14,1,1,0
BRDA:14,2,0,0
BRDA:14,2,1,0
BRDA:14,2,2,0
BRDA:34,3,0,0
BRDA:34,3,1,0
BRDA:37,4,0,0
BRDA:37,4,1,0
BRDA:64,5,0,0
BRDA:64,5,1,0
BRDA:65,6,0,0
BRDA:65,6,1,0
BRDA:67,7,0,0
BRDA:67,7,1,0
BRDA:69,8,0,0
BRDA:69,8,1,0
BRDA:95,9,0,0
BRDA:95,9,1,0
BRDA:96,10,0,0
BRDA:96,10,1,0
BRDA:98,11,0,0
BRDA:98,11,1,0
BRDA:100,12,0,0
BRDA:100,12,1,0
BRDA:125,13,0,0
BRDA:125,13,1,0
BRDA:156,14,0,0
BRDA:156,14,1,0
BRF:31
BRH:0
end_of_record
TN:
SF:services\smsService.ts
FN:17,buildSosMessage
FN:40,sendSosSmsDirect
FN:63,(anonymous_2)
FNF:3
FNH:0
FNDA:0,buildSosMessage
FNDA:0,sendSosSmsDirect
FNDA:0,(anonymous_2)
DA:18,0
DA:19,0
DA:21,0
DA:22,0
DA:25,0
DA:26,0
DA:29,0
DA:30,0
DA:33,0
DA:36,0
DA:37,0
DA:43,0
DA:44,0
DA:45,0
DA:46,0
DA:49,0
DA:51,0
DA:52,0
DA:54,0
DA:55,0
DA:58,0
DA:59,0
DA:60,0
DA:63,0
DA:64,0
DA:66,0
DA:68,0
LF:27
LH:0
BRDA:18,0,0,0
BRDA:18,0,1,0
BRDA:21,1,0,0
BRDA:21,1,1,0
BRDA:25,2,0,0
BRDA:25,2,1,0
BRDA:25,3,0,0
BRDA:25,3,1,0
BRDA:26,4,0,0
BRDA:26,4,1,0
BRDA:26,5,0,0
BRDA:26,5,1,0
BRDA:29,6,0,0
BRDA:29,6,1,0
BRDA:44,7,0,0
BRDA:44,7,1,0
BRDA:58,8,0,0
BRDA:58,8,1,0
BRDA:58,9,0,0
BRDA:58,9,1,0
BRF:20
BRH:0
end_of_record
TN:
SF:services\sosApi.ts
FN:28,getActiveEmergencyNumbers
FN:35,triggerSosAlert
FNF:2
FNH:0
FNDA:0,getActiveEmergencyNumbers
FNDA:0,triggerSosAlert
DA:29,0
DA:32,0
DA:38,0
LF:3
LH:0
BRF:0
BRH:0
end_of_record
TN:
SF:services\trackingApi.ts
FN:40,publishBusLocation
FN:51,getLatestBusLocation
FN:60,getRouteGeometry
FN:81,(anonymous_3)
FN:90,(anonymous_4)
FN:98,(anonymous_5)
FN:105,(anonymous_6)
FN:109,(anonymous_7)
FN:115,(anonymous_8)
FN:118,(anonymous_9)
FN:122,(anonymous_10)
FN:127,(anonymous_11)
FN:133,(anonymous_12)
FN:137,(anonymous_13)
FN:141,(anonymous_14)
FN:152,(anonymous_15)
FNF:16
FNH:0
FNDA:0,publishBusLocation
FNDA:0,getLatestBusLocation
FNDA:0,getRouteGeometry
FNDA:0,(anonymous_3)
FNDA:0,(anonymous_4)
FNDA:0,(anonymous_5)
FNDA:0,(anonymous_6)
FNDA:0,(anonymous_7)
FNDA:0,(anonymous_8)
FNDA:0,(anonymous_9)
FNDA:0,(anonymous_10)
FNDA:0,(anonymous_11)
FNDA:0,(anonymous_12)
FNDA:0,(anonymous_13)
FNDA:0,(anonymous_14)
FNDA:0,(anonymous_15)
DA:43,0
DA:48,0
DA:54,0
DA:57,0
DA:64,0
DA:68,0
DA:76,0
DA:77,0
DA:78,0
DA:79,0
DA:82,0
DA:84,0
DA:85,0
DA:86,0
DA:88,0
DA:90,0
DA:91,0
DA:92,0
DA:93,0
DA:94,0
DA:98,0
DA:99,0
DA:100,0
DA:101,0
DA:104,0
DA:105,0
DA:108,0
DA:109,0
DA:111,0
DA:115,0
DA:116,0
DA:117,0
DA:118,0
DA:122,0
DA:123,0
DA:128,0
DA:129,0
DA:130,0
DA:134,0
DA:135,0
DA:137,0
DA:142,0
DA:143,0
DA:144,0
DA:145,0
DA:147,0
DA:148,0
DA:149,0
DA:153,0
DA:154,0
LF:50
LH:0
BRDA:57,0,0,0
BRDA:57,0,1,0
BRDA:68,1,0,0
BRDA:68,1,1,0
BRDA:82,2,0,0
BRDA:82,2,1,0
BRDA:92,3,0,0
BRDA:92,3,1,0
BRDA:101,4,0,0
BRDA:101,4,1,0
BRDA:101,5,0,0
BRDA:101,5,1,0
BRDA:101,5,2,0
BRDA:104,6,0,0
BRDA:104,6,1,0
BRDA:108,7,0,0
BRDA:108,7,1,0
BRDA:117,8,0,0
BRDA:117,8,1,0
BRDA:128,9,0,0
BRDA:128,9,1,0
BRDA:134,10,0,0
BRDA:134,10,1,0
BRDA:143,11,0,0
BRDA:143,11,1,0
BRDA:153,12,0,0
BRDA:153,12,1,0
BRF:27
BRH:0
end_of_record
TN:
SF:services\userProfileApi.ts
FN:6,getUserProfile
FN:16,updateUserProfile
FNF:2
FNH:0
FNDA:0,getUserProfile
FNDA:0,updateUserProfile
DA:4,0
DA:7,0
DA:8,0
DA:9,0
DA:11,0
DA:12,0
DA:13,0
DA:24,0
DA:25,0
DA:26,0
DA:27,0
LF:11
LH:0
BRDA:8,0,0,0
BRDA:8,0,1,0
BRF:2
BRH:0
end_of_record
