{"C:\\Users\\MSI GF63\\Pictures\\web\\TrackNGo\\frontend\\admin-web\\my-react-app\\src\\services\\busService.ts": {"path":"C:\\Users\\MSI GF63\\Pictures\\web\\TrackNGo\\frontend\\admin-web\\my-react-app\\src\\services\\busService.ts","statementMap":{"0":{"start":{"line":101,"column":0},"end":{"line":101,"column":22}},"1":{"start":{"line":106,"column":0},"end":{"line":106,"column":22}},"2":{"start":{"line":111,"column":0},"end":{"line":111,"column":22}},"3":{"start":{"line":120,"column":0},"end":{"line":120,"column":22}},"4":{"start":{"line":129,"column":0},"end":{"line":129,"column":22}},"5":{"start":{"line":134,"column":0},"end":{"line":134,"column":22}},"6":{"start":{"line":139,"column":0},"end":{"line":139,"column":22}},"7":{"start":{"line":148,"column":0},"end":{"line":148,"column":22}},"8":{"start":{"line":153,"column":0},"end":{"line":153,"column":22}},"9":{"start":{"line":1,"column":17},"end":{"line":1,"column":35}},"10":{"start":{"line":10,"column":31},"end":{"line":10,"column":47}},"11":{"start":{"line":11,"column":2},"end":{"line":13,"column":3}},"12":{"start":{"line":12,"column":4},"end":{"line":12,"column":54}},"13":{"start":{"line":14,"column":2},"end":{"line":14,"column":19}},"14":{"start":{"line":102,"column":14},"end":{"line":102,"column":35}},"15":{"start":{"line":103,"column":2},"end":{"line":103,"column":44}},"16":{"start":{"line":107,"column":14},"end":{"line":107,"column":49}},"17":{"start":{"line":108,"column":2},"end":{"line":108,"column":40}},"18":{"start":{"line":112,"column":14},"end":{"line":116,"column":4}},"19":{"start":{"line":117,"column":2},"end":{"line":117,"column":37}},"20":{"start":{"line":121,"column":14},"end":{"line":125,"column":4}},"21":{"start":{"line":126,"column":2},"end":{"line":126,"column":34}},"22":{"start":{"line":130,"column":14},"end":{"line":130,"column":71}},"23":{"start":{"line":131,"column":2},"end":{"line":131,"column":34}},"24":{"start":{"line":135,"column":14},"end":{"line":135,"column":61}},"25":{"start":{"line":136,"column":2},"end":{"line":136,"column":46}},"26":{"start":{"line":140,"column":14},"end":{"line":144,"column":4}},"27":{"start":{"line":145,"column":2},"end":{"line":145,"column":34}},"28":{"start":{"line":149,"column":14},"end":{"line":149,"column":56}},"29":{"start":{"line":150,"column":2},"end":{"line":150,"column":45}},"30":{"start":{"line":154,"column":14},"end":{"line":154,"column":55}},"31":{"start":{"line":155,"column":2},"end":{"line":155,"column":44}}},"fnMap":{"0":{"name":"handleResponse","decl":{"start":{"line":9,"column":15},"end":{"line":9,"column":29}},"loc":{"start":{"line":9,"column":46},"end":{"line":15,"column":null}}},"1":{"name":"fetchBuses","decl":{"start":{"line":101,"column":22},"end":{"line":101,"column":32}},"loc":{"start":{"line":101,"column":32},"end":{"line":104,"column":null}}},"2":{"name":"fetchBusDetail","decl":{"start":{"line":106,"column":22},"end":{"line":106,"column":36}},"loc":{"start":{"line":106,"column":50},"end":{"line":109,"column":null}}},"3":{"name":"createBus","decl":{"start":{"line":111,"column":22},"end":{"line":111,"column":31}},"loc":{"start":{"line":111,"column":51},"end":{"line":118,"column":null}}},"4":{"name":"updateBus","decl":{"start":{"line":120,"column":22},"end":{"line":120,"column":31}},"loc":{"start":{"line":120,"column":66},"end":{"line":127,"column":null}}},"5":{"name":"deleteBus","decl":{"start":{"line":129,"column":22},"end":{"line":129,"column":31}},"loc":{"start":{"line":129,"column":45},"end":{"line":132,"column":null}}},"6":{"name":"fetchSeatLayout","decl":{"start":{"line":134,"column":22},"end":{"line":134,"column":37}},"loc":{"start":{"line":134,"column":51},"end":{"line":137,"column":null}}},"7":{"name":"saveSeatLayout","decl":{"start":{"line":139,"column":22},"end":{"line":139,"column":36}},"loc":{"start":{"line":139,"column":78},"end":{"line":146,"column":null}}},"8":{"name":"fetchDriverOptions","decl":{"start":{"line":148,"column":22},"end":{"line":148,"column":40}},"loc":{"start":{"line":148,"column":40},"end":{"line":151,"column":null}}},"9":{"name":"fetchRouteOptions","decl":{"start":{"line":153,"column":22},"end":{"line":153,"column":39}},"loc":{"start":{"line":153,"column":39},"end":{"line":156,"column":null}}}},"branchMap":{"0":{"loc":{"start":{"line":11,"column":2},"end":{"line":13,"column":3}},"type":"if","locations":[{"start":{"line":11,"column":2},"end":{"line":13,"column":3}}]},"1":{"loc":{"start":{"line":11,"column":6},"end":{"line":11,"column":30}},"type":"binary-expr","locations":[{"start":{"line":11,"column":6},"end":{"line":11,"column":13}},{"start":{"line":11,"column":17},"end":{"line":11,"column":30}}]},"2":{"loc":{"start":{"line":12,"column":20},"end":{"line":12,"column":52}},"type":"binary-expr","locations":[{"start":{"line":12,"column":20},"end":{"line":12,"column":32}},{"start":{"line":12,"column":36},"end":{"line":12,"column":52}}]}},"s":{"0":1,"1":1,"2":1,"3":1,"4":1,"5":1,"6":1,"7":1,"8":1,"9":1,"10":12,"11":12,"12":3,"13":9,"14":2,"15":2,"16":1,"17":1,"18":1,"19":1,"20":2,"21":2,"22":2,"23":2,"24":1,"25":1,"26":1,"27":1,"28":1,"29":1,"30":1,"31":1},"f":{"0":12,"1":2,"2":1,"3":1,"4":2,"5":2,"6":1,"7":1,"8":1,"9":1},"b":{"0":[3],"1":[12,9],"2":[3,0]}}
,"C:\\Users\\MSI GF63\\Pictures\\web\\TrackNGo\\frontend\\admin-web\\my-react-app\\src\\services\\complaintService.ts": {"path":"C:\\Users\\MSI GF63\\Pictures\\web\\TrackNGo\\frontend\\admin-web\\my-react-app\\src\\services\\complaintService.ts","statementMap":{"0":{"start":{"line":53,"column":0},"end":{"line":53,"column":22}},"1":{"start":{"line":58,"column":0},"end":{"line":58,"column":22}},"2":{"start":{"line":64,"column":0},"end":{"line":64,"column":22}},"3":{"start":{"line":1,"column":17},"end":{"line":1,"column":40}},"4":{"start":{"line":10,"column":31},"end":{"line":10,"column":47}},"5":{"start":{"line":11,"column":2},"end":{"line":13,"column":3}},"6":{"start":{"line":12,"column":4},"end":{"line":12,"column":null}},"7":{"start":{"line":14,"column":2},"end":{"line":14,"column":null}},"8":{"start":{"line":54,"column":14},"end":{"line":54,"column":35}},"9":{"start":{"line":55,"column":2},"end":{"line":55,"column":null}},"10":{"start":{"line":59,"column":20},"end":{"line":59,"column":51}},"11":{"start":{"line":60,"column":14},"end":{"line":60,"column":53}},"12":{"start":{"line":61,"column":2},"end":{"line":61,"column":null}},"13":{"start":{"line":68,"column":20},"end":{"line":68,"column":51}},"14":{"start":{"line":69,"column":14},"end":{"line":75,"column":4}},"15":{"start":{"line":76,"column":2},"end":{"line":76,"column":null}}},"fnMap":{"0":{"name":"handleResponse","decl":{"start":{"line":9,"column":15},"end":{"line":9,"column":29}},"loc":{"start":{"line":9,"column":46},"end":{"line":15,"column":null}}},"1":{"name":"fetchComplaints","decl":{"start":{"line":53,"column":22},"end":{"line":53,"column":37}},"loc":{"start":{"line":53,"column":37},"end":{"line":56,"column":null}}},"2":{"name":"fetchComplaintDetail","decl":{"start":{"line":58,"column":22},"end":{"line":58,"column":42}},"loc":{"start":{"line":58,"column":62},"end":{"line":62,"column":null}}},"3":{"name":"updateComplaint","decl":{"start":{"line":64,"column":22},"end":{"line":64,"column":37}},"loc":{"start":{"line":66,"column":52},"end":{"line":77,"column":null}}}},"branchMap":{"0":{"loc":{"start":{"line":11,"column":2},"end":{"line":13,"column":3}},"type":"if","locations":[{"start":{"line":11,"column":2},"end":{"line":13,"column":3}}]},"1":{"loc":{"start":{"line":11,"column":6},"end":{"line":11,"column":30}},"type":"binary-expr","locations":[{"start":{"line":11,"column":6},"end":{"line":11,"column":13}},{"start":{"line":11,"column":17},"end":{"line":11,"column":30}}]},"2":{"loc":{"start":{"line":12,"column":20},"end":{"line":12,"column":52}},"type":"binary-expr","locations":[{"start":{"line":12,"column":20},"end":{"line":12,"column":32}},{"start":{"line":12,"column":36},"end":{"line":12,"column":52}}]}},"s":{"0":0,"1":0,"2":0,"3":0,"4":0,"5":0,"6":0,"7":0,"8":0,"9":0,"10":0,"11":0,"12":0,"13":0,"14":0,"15":0},"f":{"0":0,"1":0,"2":0,"3":0},"b":{"0":[0],"1":[0,0],"2":[0,0]}}
,"C:\\Users\\MSI GF63\\Pictures\\web\\TrackNGo\\frontend\\admin-web\\my-react-app\\src\\services\\emergencyNumberService.ts": {"path":"C:\\Users\\MSI GF63\\Pictures\\web\\TrackNGo\\frontend\\admin-web\\my-react-app\\src\\services\\emergencyNumberService.ts","statementMap":{"0":{"start":{"line":47,"column":0},"end":{"line":47,"column":22}},"1":{"start":{"line":52,"column":0},"end":{"line":52,"column":22}},"2":{"start":{"line":61,"column":0},"end":{"line":61,"column":22}},"3":{"start":{"line":1,"column":17},"end":{"line":1,"column":41}},"4":{"start":{"line":10,"column":15},"end":{"line":10,"column":31}},"5":{"start":{"line":11,"column":2},"end":{"line":13,"column":3}},"6":{"start":{"line":12,"column":4},"end":{"line":12,"column":null}},"7":{"start":{"line":16,"column":2},"end":{"line":20,"column":3}},"8":{"start":{"line":17,"column":4},"end":{"line":17,"column":null}},"9":{"start":{"line":19,"column":4},"end":{"line":19,"column":null}},"10":{"start":{"line":22,"column":2},"end":{"line":24,"column":3}},"11":{"start":{"line":23,"column":4},"end":{"line":23,"column":null}},"12":{"start":{"line":25,"column":2},"end":{"line":25,"column":null}},"13":{"start":{"line":48,"column":14},"end":{"line":48,"column":35}},"14":{"start":{"line":49,"column":2},"end":{"line":49,"column":null}},"15":{"start":{"line":53,"column":14},"end":{"line":57,"column":4}},"16":{"start":{"line":58,"column":2},"end":{"line":58,"column":null}},"17":{"start":{"line":65,"column":14},"end":{"line":69,"column":4}},"18":{"start":{"line":70,"column":2},"end":{"line":70,"column":null}}},"fnMap":{"0":{"name":"handleResponse","decl":{"start":{"line":9,"column":15},"end":{"line":9,"column":29}},"loc":{"start":{"line":9,"column":46},"end":{"line":26,"column":null}}},"1":{"name":"fetchEmergencyNumbers","decl":{"start":{"line":47,"column":22},"end":{"line":47,"column":43}},"loc":{"start":{"line":47,"column":43},"end":{"line":50,"column":null}}},"2":{"name":"createEmergencyNumber","decl":{"start":{"line":52,"column":22},"end":{"line":52,"column":43}},"loc":{"start":{"line":52,"column":79},"end":{"line":59,"column":null}}},"3":{"name":"updateEmergencyNumber","decl":{"start":{"line":61,"column":22},"end":{"line":61,"column":43}},"loc":{"start":{"line":63,"column":37},"end":{"line":71,"column":null}}}},"branchMap":{"0":{"loc":{"start":{"line":11,"column":2},"end":{"line":13,"column":3}},"type":"if","locations":[{"start":{"line":11,"column":2},"end":{"line":13,"column":3}}]},"1":{"loc":{"start":{"line":12,"column":20},"end":{"line":12,"column":109}},"type":"cond-expr","locations":[{"start":{"line":12,"column":29},"end":{"line":12,"column":64}},{"start":{"line":12,"column":67},"end":{"line":12,"column":109}}]},"2":{"loc":{"start":{"line":22,"column":2},"end":{"line":24,"column":3}},"type":"if","locations":[{"start":{"line":22,"column":2},"end":{"line":24,"column":3}}]},"3":{"loc":{"start":{"line":22,"column":6},"end":{"line":22,"column":30}},"type":"binary-expr","locations":[{"start":{"line":22,"column":6},"end":{"line":22,"column":13}},{"start":{"line":22,"column":17},"end":{"line":22,"column":30}}]},"4":{"loc":{"start":{"line":23,"column":20},"end":{"line":23,"column":52}},"type":"binary-expr","locations":[{"start":{"line":23,"column":20},"end":{"line":23,"column":32}},{"start":{"line":23,"column":36},"end":{"line":23,"column":52}}]}},"s":{"0":0,"1":0,"2":0,"3":0,"4":0,"5":0,"6":0,"7":0,"8":0,"9":0,"10":0,"11":0,"12":0,"13":0,"14":0,"15":0,"16":0,"17":0,"18":0},"f":{"0":0,"1":0,"2":0,"3":0},"b":{"0":[0],"1":[0,0],"2":[0],"3":[0,0],"4":[0,0]}}
,"C:\\Users\\MSI GF63\\Pictures\\web\\TrackNGo\\frontend\\admin-web\\my-react-app\\src\\services\\promotionService.ts": {"path":"C:\\Users\\MSI GF63\\Pictures\\web\\TrackNGo\\frontend\\admin-web\\my-react-app\\src\\services\\promotionService.ts","statementMap":{"0":{"start":{"line":68,"column":0},"end":{"line":68,"column":22}},"1":{"start":{"line":73,"column":0},"end":{"line":73,"column":22}},"2":{"start":{"line":82,"column":0},"end":{"line":82,"column":22}},"3":{"start":{"line":91,"column":0},"end":{"line":91,"column":22}},"4":{"start":{"line":98,"column":0},"end":{"line":98,"column":22}},"5":{"start":{"line":1,"column":17},"end":{"line":1,"column":40}},"6":{"start":{"line":10,"column":15},"end":{"line":10,"column":31}},"7":{"start":{"line":11,"column":36},"end":{"line":11,"column":40}},"8":{"start":{"line":13,"column":2},"end":{"line":19,"column":3}},"9":{"start":{"line":14,"column":4},"end":{"line":18,"column":5}},"10":{"start":{"line":15,"column":6},"end":{"line":15,"column":null}},"11":{"start":{"line":17,"column":6},"end":{"line":17,"column":null}},"12":{"start":{"line":21,"column":2},"end":{"line":23,"column":3}},"13":{"start":{"line":22,"column":4},"end":{"line":22,"column":null}},"14":{"start":{"line":25,"column":2},"end":{"line":27,"column":3}},"15":{"start":{"line":26,"column":4},"end":{"line":26,"column":null}},"16":{"start":{"line":28,"column":2},"end":{"line":28,"column":null}},"17":{"start":{"line":69,"column":14},"end":{"line":69,"column":35}},"18":{"start":{"line":70,"column":2},"end":{"line":70,"column":null}},"19":{"start":{"line":74,"column":14},"end":{"line":78,"column":4}},"20":{"start":{"line":79,"column":2},"end":{"line":79,"column":null}},"21":{"start":{"line":83,"column":14},"end":{"line":87,"column":4}},"22":{"start":{"line":88,"column":2},"end":{"line":88,"column":null}},"23":{"start":{"line":92,"column":14},"end":{"line":94,"column":4}},"24":{"start":{"line":95,"column":2},"end":{"line":95,"column":null}},"25":{"start":{"line":99,"column":14},"end":{"line":101,"column":4}},"26":{"start":{"line":102,"column":2},"end":{"line":102,"column":null}}},"fnMap":{"0":{"name":"handleResponse","decl":{"start":{"line":9,"column":15},"end":{"line":9,"column":29}},"loc":{"start":{"line":9,"column":46},"end":{"line":29,"column":null}}},"1":{"name":"fetchPromotions","decl":{"start":{"line":68,"column":22},"end":{"line":68,"column":37}},"loc":{"start":{"line":68,"column":37},"end":{"line":71,"column":null}}},"2":{"name":"createPromotion","decl":{"start":{"line":73,"column":22},"end":{"line":73,"column":37}},"loc":{"start":{"line":73,"column":67},"end":{"line":80,"column":null}}},"3":{"name":"updatePromotion","decl":{"start":{"line":82,"column":22},"end":{"line":82,"column":37}},"loc":{"start":{"line":82,"column":88},"end":{"line":89,"column":null}}},"4":{"name":"cancelPromotion","decl":{"start":{"line":91,"column":22},"end":{"line":91,"column":37}},"loc":{"start":{"line":91,"column":57},"end":{"line":96,"column":null}}},"5":{"name":"deletePromotion","decl":{"start":{"line":98,"column":22},"end":{"line":98,"column":37}},"loc":{"start":{"line":98,"column":57},"end":{"line":103,"column":null}}}},"branchMap":{"0":{"loc":{"start":{"line":13,"column":2},"end":{"line":19,"column":3}},"type":"if","locations":[{"start":{"line":13,"column":2},"end":{"line":19,"column":3}}]},"1":{"loc":{"start":{"line":17,"column":22},"end":{"line":17,"column":72}},"type":"binary-expr","locations":[{"start":{"line":17,"column":22},"end":{"line":17,"column":26}},{"start":{"line":17,"column":30},"end":{"line":17,"column":72}}]},"2":{"loc":{"start":{"line":21,"column":2},"end":{"line":23,"column":3}},"type":"if","locations":[{"start":{"line":21,"column":2},"end":{"line":23,"column":3}}]},"3":{"loc":{"start":{"line":25,"column":2},"end":{"line":27,"column":3}},"type":"if","locations":[{"start":{"line":25,"column":2},"end":{"line":27,"column":3}}]},"4":{"loc":{"start":{"line":25,"column":6},"end":{"line":25,"column":30}},"type":"binary-expr","locations":[{"start":{"line":25,"column":6},"end":{"line":25,"column":13}},{"start":{"line":25,"column":17},"end":{"line":25,"column":30}}]},"5":{"loc":{"start":{"line":26,"column":20},"end":{"line":26,"column":52}},"type":"binary-expr","locations":[{"start":{"line":26,"column":20},"end":{"line":26,"column":32}},{"start":{"line":26,"column":36},"end":{"line":26,"column":52}}]}},"s":{"0":0,"1":0,"2":0,"3":0,"4":0,"5":0,"6":0,"7":0,"8":0,"9":0,"10":0,"11":0,"12":0,"13":0,"14":0,"15":0,"16":0,"17":0,"18":0,"19":0,"20":0,"21":0,"22":0,"23":0,"24":0,"25":0,"26":0},"f":{"0":0,"1":0,"2":0,"3":0,"4":0,"5":0},"b":{"0":[0],"1":[0,0],"2":[0],"3":[0],"4":[0,0],"5":[0,0]}}
,"C:\\Users\\MSI GF63\\Pictures\\web\\TrackNGo\\frontend\\admin-web\\my-react-app\\src\\services\\routeService.ts": {"path":"C:\\Users\\MSI GF63\\Pictures\\web\\TrackNGo\\frontend\\admin-web\\my-react-app\\src\\services\\routeService.ts","statementMap":{"0":{"start":{"line":30,"column":0},"end":{"line":30,"column":22}},"1":{"start":{"line":35,"column":0},"end":{"line":35,"column":22}},"2":{"start":{"line":40,"column":0},"end":{"line":40,"column":22}},"3":{"start":{"line":49,"column":0},"end":{"line":49,"column":22}},"4":{"start":{"line":58,"column":0},"end":{"line":58,"column":22}},"5":{"start":{"line":68,"column":0},"end":{"line":68,"column":22}},"6":{"start":{"line":1,"column":17},"end":{"line":1,"column":23}},"7":{"start":{"line":23,"column":31},"end":{"line":23,"column":47}},"8":{"start":{"line":24,"column":2},"end":{"line":26,"column":3}},"9":{"start":{"line":25,"column":4},"end":{"line":25,"column":54}},"10":{"start":{"line":27,"column":2},"end":{"line":27,"column":19}},"11":{"start":{"line":31,"column":14},"end":{"line":31,"column":47}},"12":{"start":{"line":32,"column":2},"end":{"line":32,"column":41}},"13":{"start":{"line":36,"column":14},"end":{"line":36,"column":53}},"14":{"start":{"line":37,"column":2},"end":{"line":37,"column":39}},"15":{"start":{"line":41,"column":14},"end":{"line":45,"column":4}},"16":{"start":{"line":46,"column":2},"end":{"line":46,"column":39}},"17":{"start":{"line":50,"column":14},"end":{"line":54,"column":4}},"18":{"start":{"line":55,"column":2},"end":{"line":55,"column":39}},"19":{"start":{"line":59,"column":14},"end":{"line":61,"column":4}},"20":{"start":{"line":62,"column":34},"end":{"line":62,"column":50}},"21":{"start":{"line":63,"column":2},"end":{"line":65,"column":3}},"22":{"start":{"line":64,"column":4},"end":{"line":64,"column":53}},"23":{"start":{"line":69,"column":14},"end":{"line":71,"column":4}},"24":{"start":{"line":72,"column":2},"end":{"line":72,"column":39}}},"fnMap":{"0":{"name":"handleResponse","decl":{"start":{"line":22,"column":15},"end":{"line":22,"column":29}},"loc":{"start":{"line":22,"column":46},"end":{"line":28,"column":null}}},"1":{"name":"fetchRoutes","decl":{"start":{"line":30,"column":22},"end":{"line":30,"column":33}},"loc":{"start":{"line":30,"column":33},"end":{"line":33,"column":null}}},"2":{"name":"fetchRoute","decl":{"start":{"line":35,"column":22},"end":{"line":35,"column":32}},"loc":{"start":{"line":35,"column":43},"end":{"line":38,"column":null}}},"3":{"name":"createRoute","decl":{"start":{"line":40,"column":22},"end":{"line":40,"column":33}},"loc":{"start":{"line":40,"column":49},"end":{"line":47,"column":null}}},"4":{"name":"updateRoute","decl":{"start":{"line":49,"column":22},"end":{"line":49,"column":33}},"loc":{"start":{"line":49,"column":61},"end":{"line":56,"column":null}}},"5":{"name":"deleteRoute","decl":{"start":{"line":58,"column":22},"end":{"line":58,"column":33}},"loc":{"start":{"line":58,"column":44},"end":{"line":66,"column":null}}},"6":{"name":"toggleRouteStatus","decl":{"start":{"line":68,"column":22},"end":{"line":68,"column":39}},"loc":{"start":{"line":68,"column":50},"end":{"line":73,"column":null}}}},"branchMap":{"0":{"loc":{"start":{"line":24,"column":2},"end":{"line":26,"column":3}},"type":"if","locations":[{"start":{"line":24,"column":2},"end":{"line":26,"column":3}}]},"1":{"loc":{"start":{"line":24,"column":6},"end":{"line":24,"column":30}},"type":"binary-expr","locations":[{"start":{"line":24,"column":6},"end":{"line":24,"column":13}},{"start":{"line":24,"column":17},"end":{"line":24,"column":30}}]},"2":{"loc":{"start":{"line":25,"column":20},"end":{"line":25,"column":52}},"type":"binary-expr","locations":[{"start":{"line":25,"column":20},"end":{"line":25,"column":32}},{"start":{"line":25,"column":36},"end":{"line":25,"column":52}}]},"3":{"loc":{"start":{"line":63,"column":2},"end":{"line":65,"column":3}},"type":"if","locations":[{"start":{"line":63,"column":2},"end":{"line":65,"column":3}}]},"4":{"loc":{"start":{"line":63,"column":6},"end":{"line":63,"column":30}},"type":"binary-expr","locations":[{"start":{"line":63,"column":6},"end":{"line":63,"column":13}},{"start":{"line":63,"column":17},"end":{"line":63,"column":30}}]},"5":{"loc":{"start":{"line":64,"column":20},"end":{"line":64,"column":51}},"type":"binary-expr","locations":[{"start":{"line":64,"column":20},"end":{"line":64,"column":32}},{"start":{"line":64,"column":36},"end":{"line":64,"column":51}}]}},"s":{"0":1,"1":1,"2":1,"3":1,"4":1,"5":1,"6":1,"7":12,"8":12,"9":5,"10":7,"11":3,"12":3,"13":2,"14":2,"15":2,"16":2,"17":2,"18":2,"19":2,"20":2,"21":2,"22":1,"23":3,"24":3},"f":{"0":12,"1":3,"2":2,"3":2,"4":2,"5":2,"6":3},"b":{"0":[5],"1":[12,7],"2":[5,0],"3":[1],"4":[2,1],"5":[1,0]}}
}
