TN:
SF:src\services\busService.ts
FN:9,handleResponse
FN:101,fetchBuses
FN:106,fetchBusDetail
FN:111,createBus
FN:120,updateBus
FN:129,deleteBus
FN:134,fetchSeatLayout
FN:139,saveSeatLayout
FN:148,fetchDriverOptions
FN:153,fetchRouteOptions
FNF:10
FNH:10
FNDA:12,handleResponse
FNDA:2,fetchBuses
FNDA:1,fetchBusDetail
FNDA:1,createBus
FNDA:2,updateBus
FNDA:2,deleteBus
FNDA:1,fetchSeatLayout
FNDA:1,saveSeatLayout
FNDA:1,fetchDriverOptions
FNDA:1,fetchRouteOptions
DA:1,1
DA:10,12
DA:11,12
DA:12,3
DA:14,9
DA:101,1
DA:102,2
DA:103,2
DA:106,1
DA:107,1
DA:108,1
DA:111,1
DA:112,1
DA:117,1
DA:120,1
DA:121,2
DA:126,2
DA:129,1
DA:130,2
DA:131,2
DA:134,1
DA:135,1
DA:136,1
DA:139,1
DA:140,1
DA:145,1
DA:148,1
DA:149,1
DA:150,1
DA:153,1
DA:154,1
DA:155,1
LF:32
LH:32
BRDA:11,0,0,3
BRDA:11,1,0,12
BRDA:11,1,1,9
BRDA:12,2,0,3
BRDA:12,2,1,0
BRF:5
BRH:4
end_of_record
TN:
SF:src\services\complaintService.ts
FN:9,handleResponse
FN:53,fetchComplaints
FN:58,fetchComplaintDetail
FN:64,updateComplaint
FNF:4
FNH:0
FNDA:0,handleResponse
FNDA:0,fetchComplaints
FNDA:0,fetchComplaintDetail
FNDA:0,updateComplaint
DA:1,0
DA:10,0
DA:11,0
DA:12,0
DA:14,0
DA:53,0
DA:54,0
DA:55,0
DA:58,0
DA:59,0
DA:60,0
DA:61,0
DA:64,0
DA:68,0
DA:69,0
DA:76,0
LF:16
LH:0
BRDA:11,0,0,0
BRDA:11,1,0,0
BRDA:11,1,1,0
BRDA:12,2,0,0
BRDA:12,2,1,0
BRF:5
BRH:0
end_of_record
TN:
SF:src\services\emergencyNumberService.ts
FN:9,handleResponse
FN:47,fetchEmergencyNumbers
FN:52,createEmergencyNumber
FN:61,updateEmergencyNumber
FNF:4
FNH:0
FNDA:0,handleResponse
FNDA:0,fetchEmergencyNumbers
FNDA:0,createEmergencyNumber
FNDA:0,updateEmergencyNumber
DA:1,0
DA:10,0
DA:11,0
DA:12,0
DA:16,0
DA:17,0
DA:19,0
DA:22,0
DA:23,0
DA:25,0
DA:47,0
DA:48,0
DA:49,0
DA:52,0
DA:53,0
DA:58,0
DA:61,0
DA:65,0
DA:70,0
LF:19
LH:0
BRDA:11,0,0,0
BRDA:12,1,0,0
BRDA:12,1,1,0
BRDA:22,2,0,0
BRDA:22,3,0,0
BRDA:22,3,1,0
BRDA:23,4,0,0
BRDA:23,4,1,0
BRF:8
BRH:0
end_of_record
TN:
SF:src\services\promotionService.ts
FN:9,handleResponse
FN:68,fetchPromotions
FN:73,createPromotion
FN:82,updatePromotion
FN:91,cancelPromotion
FN:98,deletePromotion
FNF:6
FNH:0
FNDA:0,handleResponse
FNDA:0,fetchPromotions
FNDA:0,createPromotion
FNDA:0,updatePromotion
FNDA:0,cancelPromotion
FNDA:0,deletePromotion
DA:1,0
DA:10,0
DA:11,0
DA:13,0
DA:14,0
DA:15,0
DA:17,0
DA:21,0
DA:22,0
DA:25,0
DA:26,0
DA:28,0
DA:68,0
DA:69,0
DA:70,0
DA:73,0
DA:74,0
DA:79,0
DA:82,0
DA:83,0
DA:88,0
DA:91,0
DA:92,0
DA:95,0
DA:98,0
DA:99,0
DA:102,0
LF:27
LH:0
BRDA:13,0,0,0
BRDA:17,1,0,0
BRDA:17,1,1,0
BRDA:21,2,0,0
BRDA:25,3,0,0
BRDA:25,4,0,0
BRDA:25,4,1,0
BRDA:26,5,0,0
BRDA:26,5,1,0
BRF:9
BRH:0
end_of_record
TN:
SF:src\services\routeService.ts
FN:22,handleResponse
FN:30,fetchRoutes
FN:35,fetchRoute
FN:40,createRoute
FN:49,updateRoute
FN:58,deleteRoute
FN:68,toggleRouteStatus
FNF:7
FNH:7
FNDA:12,handleResponse
FNDA:3,fetchRoutes
FNDA:2,fetchRoute
FNDA:2,createRoute
FNDA:2,updateRoute
FNDA:2,deleteRoute
FNDA:3,toggleRouteStatus
DA:1,1
DA:23,12
DA:24,12
DA:25,5
DA:27,7
DA:30,1
DA:31,3
DA:32,3
DA:35,1
DA:36,2
DA:37,2
DA:40,1
DA:41,2
DA:46,2
DA:49,1
DA:50,2
DA:55,2
DA:58,1
DA:59,2
DA:62,2
DA:63,2
DA:64,1
DA:68,1
DA:69,3
DA:72,3
LF:25
LH:25
BRDA:24,0,0,5
BRDA:24,1,0,12
BRDA:24,1,1,7
BRDA:25,2,0,5
BRDA:25,2,1,0
BRDA:63,3,0,1
BRDA:63,4,0,2
BRDA:63,4,1,1
BRDA:64,5,0,1
BRDA:64,5,1,0
BRF:10
BRH:8
end_of_record
